GCASM List File (GCBASIC 1.00.00 Release Candidate 2022-08-27 (Windows 64 bit) : Build 1163)

Symbols:
A 	EQU 	0
ABDEN 	EQU 	0
ABDOVF 	EQU 	7
ACCESS 	EQU 	0
ACKDT 	EQU 	5
ACKEN 	EQU 	4
ACKSTAT 	EQU 	6
ACKTIM 	EQU 	7
ADCON0 	EQU 	157
ADCON1 	EQU 	158
ADCS0 	EQU 	4
ADCS1 	EQU 	5
ADCS2 	EQU 	6
ADDEN 	EQU 	3
ADFM 	EQU 	7
ADFVR0 	EQU 	0
ADFVR1 	EQU 	1
ADGO 	EQU 	1
ADIE 	EQU 	6
ADIF 	EQU 	6
ADNREF 	EQU 	2
ADON 	EQU 	0
ADPREF0 	EQU 	0
ADPREF1 	EQU 	1
ADRES 	EQU 	155
ADRESH 	EQU 	156
ADRESL 	EQU 	155
AHEN 	EQU 	1
ANSA0 	EQU 	0
ANSA1 	EQU 	1
ANSA2 	EQU 	2
ANSA4 	EQU 	4
ANSB4 	EQU 	4
ANSB5 	EQU 	5
ANSC0 	EQU 	0
ANSC1 	EQU 	1
ANSC2 	EQU 	2
ANSC3 	EQU 	3
ANSC6 	EQU 	6
ANSC7 	EQU 	7
ANSELA 	EQU 	396
ANSELB 	EQU 	397
ANSELC 	EQU 	398
APFCON0 	EQU 	285
APFCON1 	EQU 	286
B 	EQU 	1
BANKED 	EQU 	1
BASPROGRAMEND 	EQU 	800
BASPROGRAMSTART 	EQU 	5
BAUDCON 	EQU 	415
BCL1IE 	EQU 	3
BCL1IF 	EQU 	3
BCL2IE 	EQU 	1
BCL2IF 	EQU 	1
BF 	EQU 	0
BOEN 	EQU 	4
BORCON 	EQU 	278
BORRDY 	EQU 	0
BRG16 	EQU 	3
BRGH 	EQU 	2
BRI 	EQU 	32
BRIGHT 	EQU 	33
BRIGHTNESS 	EQU 	34
BSR 	EQU 	8
BSR0 	EQU 	0
BSR1 	EQU 	1
BSR2 	EQU 	2
BSR3 	EQU 	3
BSR4 	EQU 	4
BSR_SHAD 	EQU 	4070
C 	EQU 	0
C1HYS 	EQU 	1
C1IE 	EQU 	5
C1IF 	EQU 	5
C1INTN 	EQU 	6
C1INTP 	EQU 	7
C1NCH0 	EQU 	0
C1NCH1 	EQU 	1
C1OE 	EQU 	5
C1ON 	EQU 	7
C1OUT 	EQU 	6
C1PCH0 	EQU 	4
C1PCH1 	EQU 	5
C1POL 	EQU 	4
C1SP 	EQU 	2
C1SYNC 	EQU 	0
C1TSEL0 	EQU 	0
C1TSEL1 	EQU 	1
C2HYS 	EQU 	1
C2IE 	EQU 	6
C2IF 	EQU 	6
C2INTN 	EQU 	6
C2INTP 	EQU 	7
C2NCH0 	EQU 	0
C2NCH1 	EQU 	1
C2OE 	EQU 	5
C2ON 	EQU 	7
C2OUT 	EQU 	6
C2PCH0 	EQU 	4
C2PCH1 	EQU 	5
C2POL 	EQU 	4
C2SP 	EQU 	2
C2SYNC 	EQU 	0
C2TSEL0 	EQU 	2
C2TSEL1 	EQU 	3
C3TSEL0 	EQU 	4
C3TSEL1 	EQU 	5
C4TSEL0 	EQU 	6
C4TSEL1 	EQU 	7
CCP1AS 	EQU 	661
CCP1AS0 	EQU 	4
CCP1AS1 	EQU 	5
CCP1AS2 	EQU 	6
CCP1ASE 	EQU 	7
CCP1CON 	EQU 	659
CCP1IE 	EQU 	2
CCP1IF 	EQU 	2
CCP1M0 	EQU 	0
CCP1M1 	EQU 	1
CCP1M2 	EQU 	2
CCP1M3 	EQU 	3
CCP2AS 	EQU 	668
CCP2AS0 	EQU 	4
CCP2AS1 	EQU 	5
CCP2AS2 	EQU 	6
CCP2ASE 	EQU 	7
CCP2CON 	EQU 	666
CCP2IE 	EQU 	0
CCP2IF 	EQU 	0
CCP2M0 	EQU 	0
CCP2M1 	EQU 	1
CCP2M2 	EQU 	2
CCP2M3 	EQU 	3
CCP2SEL 	EQU 	0
CCP3CON 	EQU 	787
CCP3IE 	EQU 	4
CCP3IF 	EQU 	4
CCP3M0 	EQU 	0
CCP3M1 	EQU 	1
CCP3M2 	EQU 	2
CCP3M3 	EQU 	3
CCP4CON 	EQU 	794
CCP4IE 	EQU 	5
CCP4IF 	EQU 	5
CCP4M0 	EQU 	0
CCP4M1 	EQU 	1
CCP4M2 	EQU 	2
CCP4M3 	EQU 	3
CCPR1 	EQU 	657
CCPR1H 	EQU 	658
CCPR1L 	EQU 	657
CCPR2 	EQU 	664
CCPR2H 	EQU 	665
CCPR2L 	EQU 	664
CCPR3 	EQU 	785
CCPR3H 	EQU 	786
CCPR3L 	EQU 	785
CCPR4 	EQU 	792
CCPR4H 	EQU 	793
CCPR4L 	EQU 	792
CCPTMRS 	EQU 	670
CDAFVR0 	EQU 	2
CDAFVR1 	EQU 	3
CFGS 	EQU 	6
CHR 	EQU 	9159
CHS0 	EQU 	2
CHS1 	EQU 	3
CHS2 	EQU 	4
CHS3 	EQU 	5
CHS4 	EQU 	6
CKE 	EQU 	6
CKP 	EQU 	4
CLKRCON 	EQU 	922
CLKRDC0 	EQU 	3
CLKRDC1 	EQU 	4
CLKRDIV0 	EQU 	0
CLKRDIV1 	EQU 	1
CLKRDIV2 	EQU 	2
CLKREN 	EQU 	7
CLKROE 	EQU 	6
CLKRSLR 	EQU 	5
CM1CON0 	EQU 	273
CM1CON1 	EQU 	274
CM2CON0 	EQU 	275
CM2CON1 	EQU 	276
CMOUT 	EQU 	277
COLONON 	EQU 	35
CPSCH0 	EQU 	0
CPSCH1 	EQU 	1
CPSCH2 	EQU 	2
CPSCH3 	EQU 	3
CPSCON0 	EQU 	30
CPSCON1 	EQU 	31
CPSON 	EQU 	7
CPSOUT 	EQU 	1
CPSRM 	EQU 	6
CPSRNG0 	EQU 	2
CPSRNG1 	EQU 	3
CREN 	EQU 	4
CSRC 	EQU 	7
C_SHAD 	EQU 	0
DACCON0 	EQU 	280
DACCON1 	EQU 	281
DACEN 	EQU 	7
DACLPS 	EQU 	6
DACNSS 	EQU 	0
DACOE 	EQU 	5
DACPSS0 	EQU 	2
DACPSS1 	EQU 	3
DACR0 	EQU 	0
DACR1 	EQU 	1
DACR2 	EQU 	2
DACR3 	EQU 	3
DACR4 	EQU 	4
DATA 	EQU 	36
DC 	EQU 	1
DC1B0 	EQU 	4
DC1B1 	EQU 	5
DC2B0 	EQU 	4
DC2B1 	EQU 	5
DC3B0 	EQU 	4
DC3B1 	EQU 	5
DC4B0 	EQU 	4
DC4B1 	EQU 	5
DC_SHAD 	EQU 	1
DELAYTEMP 	EQU 	112
DELAYTEMP2 	EQU 	113
DELAYUS1 	EQU 	910
DELAYUS2 	EQU 	924
DELAYUS3 	EQU 	929
DELAY_MS 	EQU 	819
DELAY_S 	EQU 	833
DHEN 	EQU 	0
DMS_INNER 	EQU 	824
DMS_OUTER 	EQU 	822
DMS_START 	EQU 	820
DS_START 	EQU 	833
D_NOT_A 	EQU 	5
ECCP1AS 	EQU 	661
ECCP1AS_CCP1AS0 	EQU 	4
ECCP1AS_CCP1AS1 	EQU 	5
ECCP1AS_CCP1AS2 	EQU 	6
ECCP1AS_CCP1ASE 	EQU 	7
ECCP1AS_PSS1AC0 	EQU 	2
ECCP1AS_PSS1AC1 	EQU 	3
ECCP1AS_PSS1BD0 	EQU 	0
ECCP1AS_PSS1BD1 	EQU 	1
EEADR 	EQU 	401
EEADRH 	EQU 	402
EEADRL 	EQU 	401
EECON1 	EQU 	405
EECON2 	EQU 	406
EEDAT 	EQU 	403
EEDATH 	EQU 	404
EEDATL 	EQU 	403
EEIE 	EQU 	4
EEIF 	EQU 	4
EEPGD 	EQU 	7
ELSE36_1 	EQU 	1110
ELSE3_1 	EQU 	155
ELSE40_1 	EQU 	920
ELSE5_1 	EQU 	783
ENDIF10 	EQU 	1582
ENDIF11 	EQU 	1624
ENDIF12 	EQU 	1637
ENDIF13 	EQU 	1644
ENDIF14 	EQU 	1651
ENDIF15 	EQU 	1658
ENDIF16 	EQU 	1665
ENDIF17 	EQU 	1690
ENDIF19 	EQU 	1700
ENDIF21 	EQU 	1273
ENDIF22 	EQU 	1291
ENDIF23 	EQU 	1308
ENDIF24 	EQU 	1325
ENDIF26 	EQU 	1388
ENDIF27 	EQU 	1394
ENDIF28 	EQU 	1352
ENDIF29 	EQU 	1370
ENDIF3 	EQU 	171
ENDIF30 	EQU 	1388
ENDIF31 	EQU 	1444
ENDIF32 	EQU 	1477
ENDIF33 	EQU 	1508
ENDIF34 	EQU 	1148
ENDIF35 	EQU 	1167
ENDIF36 	EQU 	1112
ENDIF37 	EQU 	1091
ENDIF39 	EQU 	810
ENDIF40 	EQU 	922
ENDIF5 	EQU 	799
ENDIF6 	EQU 	154
ENDIF7 	EQU 	171
ENDIF8 	EQU 	782
ENDIF9 	EQU 	799
F 	EQU 	1
FERR 	EQU 	2
FNLSR 	EQU 	37
FNLSR_E 	EQU 	40
FNLSR_H 	EQU 	38
FNLSR_U 	EQU 	39
FN_CHR 	EQU 	802
FN_FNLSR99 	EQU 	841
FREE 	EQU 	4
FSR0 	EQU 	4
FSR0H 	EQU 	5
FSR0H_SHAD 	EQU 	4073
FSR0L 	EQU 	4
FSR0L_SHAD 	EQU 	4072
FSR1 	EQU 	6
FSR1H 	EQU 	7
FSR1H_SHAD 	EQU 	4075
FSR1L 	EQU 	6
FSR1L_SHAD 	EQU 	4074
FVRCON 	EQU 	279
FVREN 	EQU 	7
FVRRDY 	EQU 	6
GCEN 	EQU 	7
GIE 	EQU 	7
GO 	EQU 	1
GO_DONE 	EQU 	1
GO_NOT_DONE 	EQU 	1
HFIOFL 	EQU 	3
HFIOFR 	EQU 	4
HFIOFS 	EQU 	0
INDF0 	EQU 	0
INDF1 	EQU 	1
INITSYS 	EQU 	852
INITTM1638 	EQU 	872
INLVLA 	EQU 	908
INLVLA0 	EQU 	0
INLVLA1 	EQU 	1
INLVLA2 	EQU 	2
INLVLA3 	EQU 	3
INLVLA4 	EQU 	4
INLVLA5 	EQU 	5
INLVLB 	EQU 	909
INLVLB4 	EQU 	4
INLVLB5 	EQU 	5
INLVLB6 	EQU 	6
INLVLB7 	EQU 	7
INLVLC 	EQU 	910
INLVLC0 	EQU 	0
INLVLC1 	EQU 	1
INLVLC2 	EQU 	2
INLVLC3 	EQU 	3
INLVLC4 	EQU 	4
INLVLC5 	EQU 	5
INLVLC6 	EQU 	6
INLVLC7 	EQU 	7
INTCON 	EQU 	11
INTE 	EQU 	4
INTEDG 	EQU 	6
INTF 	EQU 	1
IOCAF 	EQU 	915
IOCAF0 	EQU 	0
IOCAF1 	EQU 	1
IOCAF2 	EQU 	2
IOCAF3 	EQU 	3
IOCAF4 	EQU 	4
IOCAF5 	EQU 	5
IOCAN 	EQU 	914
IOCAN0 	EQU 	0
IOCAN1 	EQU 	1
IOCAN2 	EQU 	2
IOCAN3 	EQU 	3
IOCAN4 	EQU 	4
IOCAN5 	EQU 	5
IOCAP 	EQU 	913
IOCAP0 	EQU 	0
IOCAP1 	EQU 	1
IOCAP2 	EQU 	2
IOCAP3 	EQU 	3
IOCAP4 	EQU 	4
IOCAP5 	EQU 	5
IOCBF 	EQU 	918
IOCBF4 	EQU 	4
IOCBF5 	EQU 	5
IOCBF6 	EQU 	6
IOCBF7 	EQU 	7
IOCBN 	EQU 	917
IOCBN4 	EQU 	4
IOCBN5 	EQU 	5
IOCBN6 	EQU 	6
IOCBN7 	EQU 	7
IOCBP 	EQU 	916
IOCBP4 	EQU 	4
IOCBP5 	EQU 	5
IOCBP6 	EQU 	6
IOCBP7 	EQU 	7
IOCIE 	EQU 	3
IOCIF 	EQU 	0
IRCF0 	EQU 	3
IRCF1 	EQU 	4
IRCF2 	EQU 	5
IRCF3 	EQU 	6
LATA 	EQU 	268
LATA0 	EQU 	0
LATA1 	EQU 	1
LATA2 	EQU 	2
LATA4 	EQU 	4
LATA5 	EQU 	5
LATB 	EQU 	269
LATB4 	EQU 	4
LATB5 	EQU 	5
LATB6 	EQU 	6
LATB7 	EQU 	7
LATC 	EQU 	270
LATC0 	EQU 	0
LATC1 	EQU 	1
LATC2 	EQU 	2
LATC3 	EQU 	3
LATC4 	EQU 	4
LATC5 	EQU 	5
LATC6 	EQU 	6
LATC7 	EQU 	7
LETTER 	EQU 	41
LFIOFR 	EQU 	1
LWLO 	EQU 	5
MC1OUT 	EQU 	0
MC2OUT 	EQU 	1
MDBIT 	EQU 	0
MDCARH 	EQU 	927
MDCARL 	EQU 	926
MDCH0 	EQU 	0
MDCH1 	EQU 	1
MDCH2 	EQU 	2
MDCH3 	EQU 	3
MDCHODIS 	EQU 	7
MDCHPOL 	EQU 	6
MDCHSYNC 	EQU 	5
MDCL0 	EQU 	0
MDCL1 	EQU 	1
MDCL2 	EQU 	2
MDCL3 	EQU 	3
MDCLODIS 	EQU 	7
MDCLPOL 	EQU 	6
MDCLSYNC 	EQU 	5
MDCON 	EQU 	924
MDEN 	EQU 	7
MDMS0 	EQU 	0
MDMS1 	EQU 	1
MDMS2 	EQU 	2
MDMS3 	EQU 	3
MDMSODIS 	EQU 	7
MDOE 	EQU 	6
MDOPOL 	EQU 	4
MDOUT 	EQU 	3
MDSLR 	EQU 	5
MDSRC 	EQU 	925
MFIOFR 	EQU 	2
NOT_BOR 	EQU 	0
NOT_PD 	EQU 	3
NOT_POR 	EQU 	1
NOT_RI 	EQU 	2
NOT_RMCLR 	EQU 	3
NOT_T1SYNC 	EQU 	2
NOT_TO 	EQU 	4
NOT_WPUEN 	EQU 	7
NUMBITS 	EQU 	42
OERR 	EQU 	1
OPTION_REG 	EQU 	149
OSCCON 	EQU 	153
OSCSTAT 	EQU 	154
OSCTUNE 	EQU 	152
OSFIE 	EQU 	7
OSFIF 	EQU 	7
OSTS 	EQU 	5
P 	EQU 	4
P1CSEL 	EQU 	2
P1DC0 	EQU 	0
P1DC1 	EQU 	1
P1DC2 	EQU 	2
P1DC3 	EQU 	3
P1DC4 	EQU 	4
P1DC5 	EQU 	5
P1DC6 	EQU 	6
P1DSEL 	EQU 	3
P1M0 	EQU 	6
P1M1 	EQU 	7
P1RSEN 	EQU 	7
P2BSEL 	EQU 	1
P2DC0 	EQU 	0
P2DC1 	EQU 	1
P2DC2 	EQU 	2
P2DC3 	EQU 	3
P2DC4 	EQU 	4
P2DC5 	EQU 	5
P2DC6 	EQU 	6
P2M0 	EQU 	6
P2M1 	EQU 	7
P2RSEN 	EQU 	7
PCIE 	EQU 	6
PCL 	EQU 	2
PCLATH 	EQU 	10
PCLATH_SHAD 	EQU 	4071
PCON 	EQU 	150
PEIE 	EQU 	6
PEN 	EQU 	2
PIE1 	EQU 	145
PIE2 	EQU 	146
PIE3 	EQU 	147
PIE4 	EQU 	148
PIR1 	EQU 	17
PIR2 	EQU 	18
PIR3 	EQU 	19
PIR4 	EQU 	20
PLLR 	EQU 	6
PORTA 	EQU 	12
PORTB 	EQU 	13
PORTC 	EQU 	14
PR2 	EQU 	27
PR4 	EQU 	1046
PR6 	EQU 	1053
PS0 	EQU 	0
PS1 	EQU 	1
PS2 	EQU 	2
PSA 	EQU 	3
PSS1AC0 	EQU 	2
PSS1AC1 	EQU 	3
PSS1BD0 	EQU 	0
PSS1BD1 	EQU 	1
PSS2AC0 	EQU 	2
PSS2AC1 	EQU 	3
PSS2BD0 	EQU 	0
PSS2BD1 	EQU 	1
PSTR1CON 	EQU 	662
PSTR2CON 	EQU 	669
PWM1CON 	EQU 	660
PWM2CON 	EQU 	667
RA0 	EQU 	0
RA1 	EQU 	1
RA2 	EQU 	2
RA3 	EQU 	3
RA4 	EQU 	4
RA5 	EQU 	5
RB4 	EQU 	4
RB5 	EQU 	5
RB6 	EQU 	6
RB7 	EQU 	7
RC0 	EQU 	0
RC1 	EQU 	1
RC2 	EQU 	2
RC3 	EQU 	3
RC4 	EQU 	4
RC5 	EQU 	5
RC6 	EQU 	6
RC7 	EQU 	7
RCEN 	EQU 	3
RCIDL 	EQU 	6
RCIE 	EQU 	5
RCIF 	EQU 	5
RCREG 	EQU 	409
RCSTA 	EQU 	413
RD 	EQU 	0
RSEN 	EQU 	1
RX9 	EQU 	6
RX9D 	EQU 	0
RXDTSEL 	EQU 	7
R_NOT_W 	EQU 	2
S 	EQU 	3
SBCDE 	EQU 	2
SBOREN 	EQU 	7
SCIE 	EQU 	5
SCKP 	EQU 	4
SCLT16TRUE 	EQU 	1082
SCLTINTTRUE 	EQU 	1124
SCS0 	EQU 	0
SCS1 	EQU 	1
SDAHT 	EQU 	3
SDO2SEL 	EQU 	5
SEN 	EQU 	0
SENDB 	EQU 	3
SENDCOMMAND 	EQU 	892
SENDDATA 	EQU 	904
SEVENSEGDISPDIGIT 	EQU 	944
SEVENSEGDISPLETTER 	EQU 	979
SHOWCHAR 	EQU 	1709
SMALL_CHR 	EQU 	43
SMP 	EQU 	7
SPBRG 	EQU 	411
SPBRGH 	EQU 	412
SPBRGL 	EQU 	411
SPEN 	EQU 	7
SPLLEN 	EQU 	7
SRCLK0 	EQU 	4
SRCLK1 	EQU 	5
SRCLK2 	EQU 	6
SRCON0 	EQU 	282
SRCON1 	EQU 	283
SREN 	EQU 	5
SRLEN 	EQU 	7
SRNQEN 	EQU 	2
SRPR 	EQU 	0
SRPS 	EQU 	1
SRQEN 	EQU 	3
SRRC1E 	EQU 	0
SRRC2E 	EQU 	1
SRRCKE 	EQU 	2
SRRPE 	EQU 	3
SRSC1E 	EQU 	4
SRSC2E 	EQU 	5
SRSCKE 	EQU 	6
SRSPE 	EQU 	7
SS2SEL 	EQU 	4
SSP1ADD 	EQU 	530
SSP1BUF 	EQU 	529
SSP1CON1 	EQU 	533
SSP1CON2 	EQU 	534
SSP1CON3 	EQU 	535
SSP1IE 	EQU 	3
SSP1IF 	EQU 	3
SSP1MSK 	EQU 	531
SSP1STAT 	EQU 	532
SSP2ADD 	EQU 	538
SSP2BUF 	EQU 	537
SSP2CON1 	EQU 	541
SSP2CON1_CKP 	EQU 	4
SSP2CON1_SSPEN 	EQU 	5
SSP2CON1_SSPM0 	EQU 	0
SSP2CON1_SSPM1 	EQU 	1
SSP2CON1_SSPM2 	EQU 	2
SSP2CON1_SSPM3 	EQU 	3
SSP2CON1_SSPOV 	EQU 	6
SSP2CON1_WCOL 	EQU 	7
SSP2CON2 	EQU 	542
SSP2CON2_ACKDT 	EQU 	5
SSP2CON2_ACKEN 	EQU 	4
SSP2CON2_ACKSTAT 	EQU 	6
SSP2CON2_GCEN 	EQU 	7
SSP2CON2_PEN 	EQU 	2
SSP2CON2_RCEN 	EQU 	3
SSP2CON2_RSEN 	EQU 	1
SSP2CON2_SEN 	EQU 	0
SSP2CON3 	EQU 	543
SSP2CON3_ACKTIM 	EQU 	7
SSP2CON3_AHEN 	EQU 	1
SSP2CON3_BOEN 	EQU 	4
SSP2CON3_DHEN 	EQU 	0
SSP2CON3_PCIE 	EQU 	6
SSP2CON3_SBCDE 	EQU 	2
SSP2CON3_SCIE 	EQU 	5
SSP2CON3_SDAHT 	EQU 	3
SSP2IE 	EQU 	0
SSP2IF 	EQU 	0
SSP2MSK 	EQU 	539
SSP2STAT 	EQU 	540
SSP2STAT_BF 	EQU 	0
SSP2STAT_CKE 	EQU 	6
SSP2STAT_D_NOT_A 	EQU 	5
SSP2STAT_P 	EQU 	4
SSP2STAT_R_NOT_W 	EQU 	2
SSP2STAT_S 	EQU 	3
SSP2STAT_SMP 	EQU 	7
SSP2STAT_UA 	EQU 	1
SSPADD 	EQU 	530
SSPBUF 	EQU 	529
SSPCON 	EQU 	533
SSPCON1 	EQU 	533
SSPCON1_CKP 	EQU 	4
SSPCON1_SSPEN 	EQU 	5
SSPCON1_SSPM0 	EQU 	0
SSPCON1_SSPM1 	EQU 	1
SSPCON1_SSPM2 	EQU 	2
SSPCON1_SSPM3 	EQU 	3
SSPCON1_SSPOV 	EQU 	6
SSPCON1_WCOL 	EQU 	7
SSPCON2 	EQU 	534
SSPCON2_ACKDT 	EQU 	5
SSPCON2_ACKEN 	EQU 	4
SSPCON2_ACKSTAT 	EQU 	6
SSPCON2_GCEN 	EQU 	7
SSPCON2_PEN 	EQU 	2
SSPCON2_RCEN 	EQU 	3
SSPCON2_RSEN 	EQU 	1
SSPCON2_SEN 	EQU 	0
SSPCON3 	EQU 	535
SSPCON3_ACKTIM 	EQU 	7
SSPCON3_AHEN 	EQU 	1
SSPCON3_BOEN 	EQU 	4
SSPCON3_DHEN 	EQU 	0
SSPCON3_PCIE 	EQU 	6
SSPCON3_SBCDE 	EQU 	2
SSPCON3_SCIE 	EQU 	5
SSPCON3_SDAHT 	EQU 	3
SSPCON_CKP 	EQU 	4
SSPCON_SSPEN 	EQU 	5
SSPCON_SSPM0 	EQU 	0
SSPCON_SSPM1 	EQU 	1
SSPCON_SSPM2 	EQU 	2
SSPCON_SSPM3 	EQU 	3
SSPCON_SSPOV 	EQU 	6
SSPCON_WCOL 	EQU 	7
SSPEN 	EQU 	5
SSPM0 	EQU 	0
SSPM1 	EQU 	1
SSPM2 	EQU 	2
SSPM3 	EQU 	3
SSPMSK 	EQU 	531
SSPOV 	EQU 	6
SSPSTAT 	EQU 	532
SSPSTAT_BF 	EQU 	0
SSPSTAT_CKE 	EQU 	6
SSPSTAT_D_NOT_A 	EQU 	5
SSPSTAT_P 	EQU 	4
SSPSTAT_R_NOT_W 	EQU 	2
SSPSTAT_S 	EQU 	3
SSPSTAT_SMP 	EQU 	7
SSPSTAT_UA 	EQU 	1
STATUS 	EQU 	3
STATUS_SHAD 	EQU 	4068
STKOVF 	EQU 	7
STKPTR 	EQU 	4077
STKUNF 	EQU 	6
STR1A 	EQU 	0
STR1B 	EQU 	1
STR1C 	EQU 	2
STR1D 	EQU 	3
STR1SYNC 	EQU 	4
STR2A 	EQU 	0
STR2B 	EQU 	1
STR2C 	EQU 	2
STR2D 	EQU 	3
STR2SYNC 	EQU 	4
STRINGPOINTER 	EQU 	44
STRINGTABLE10 	EQU 	1201
STRINGTABLE11 	EQU 	1203
STRINGTABLE12 	EQU 	1205
STRINGTABLE13 	EQU 	1207
STRINGTABLE14 	EQU 	1209
STRINGTABLE15 	EQU 	1211
STRINGTABLE16 	EQU 	1213
STRINGTABLE17 	EQU 	1215
STRINGTABLE18 	EQU 	1217
STRINGTABLE19 	EQU 	1219
STRINGTABLE2 	EQU 	1185
STRINGTABLE20 	EQU 	1221
STRINGTABLE21 	EQU 	1223
STRINGTABLE22 	EQU 	1225
STRINGTABLE23 	EQU 	1227
STRINGTABLE24 	EQU 	1229
STRINGTABLE25 	EQU 	1231
STRINGTABLE26 	EQU 	1233
STRINGTABLE27 	EQU 	1235
STRINGTABLE28 	EQU 	1237
STRINGTABLE29 	EQU 	1239
STRINGTABLE3 	EQU 	1187
STRINGTABLE30 	EQU 	1241
STRINGTABLE31 	EQU 	1243
STRINGTABLE32 	EQU 	1245
STRINGTABLE4 	EQU 	1189
STRINGTABLE5 	EQU 	1191
STRINGTABLE6 	EQU 	1193
STRINGTABLE7 	EQU 	1195
STRINGTABLE8 	EQU 	1197
STRINGTABLE9 	EQU 	1199
SWDTEN 	EQU 	0
SYNC 	EQU 	4
SYSBYTETEMPA 	EQU 	117
SYSBYTETEMPB 	EQU 	121
SYSBYTETEMPX 	EQU 	112
SYSCHAR 	EQU 	45
SYSCHR_0 	EQU 	1575
SYSCHR_1 	EQU 	1576
SYSCOMPEQUAL 	EQU 	1045
SYSCOMPEQUAL16 	EQU 	1051
SYSCOMPLESSTHAN 	EQU 	1062
SYSCOMPLESSTHAN16 	EQU 	1069
SYSCOMPLESSTHANINT 	EQU 	1084
SYSDIV16START 	EQU 	1150
SYSDIVLOOP 	EQU 	116
SYSDIVMULTA 	EQU 	119
SYSDIVMULTA_H 	EQU 	120
SYSDIVMULTB 	EQU 	123
SYSDIVMULTB_H 	EQU 	124
SYSDIVMULTX 	EQU 	114
SYSDIVMULTX_H 	EQU 	115
SYSDIVSUB16 	EQU 	1126
SYSDOLOOP_E1 	EQU 	800
SYSDOLOOP_S1 	EQU 	12
SYSFNLSRBYTE 	EQU 	37
SYSFORLOOP1 	EQU 	44
SYSFORLOOP2 	EQU 	69
SYSFORLOOP3 	EQU 	101
SYSFORLOOP4 	EQU 	199
SYSFORLOOP5 	EQU 	731
SYSFORLOOP6 	EQU 	905
SYSFORLOOPEND1 	EQU 	67
SYSFORLOOPEND2 	EQU 	98
SYSFORLOOPEND3 	EQU 	171
SYSFORLOOPEND4 	EQU 	229
SYSFORLOOPEND5 	EQU 	799
SYSFORLOOPEND6 	EQU 	943
SYSFORLOOPSTEP2 	EQU 	46
SYSFORLOOPSTEP2_H 	EQU 	47
SYSFORLOOPSTEP4 	EQU 	48
SYSFORLOOPSTEP4_H 	EQU 	49
SYSINTEGERTEMPA 	EQU 	117
SYSINTEGERTEMPA_H 	EQU 	118
SYSINTEGERTEMPB 	EQU 	121
SYSINTEGERTEMPB_H 	EQU 	122
SYSREPEATLOOP1 	EQU 	635
SYSREPEATLOOP2 	EQU 	674
SYSREPEATLOOP3 	EQU 	1553
SYSREPEATLOOP4 	EQU 	845
SYSREPEATLOOPEND1 	EQU 	672
SYSREPEATLOOPEND2 	EQU 	707
SYSREPEATLOOPEND3 	EQU 	1557
SYSREPEATLOOPEND4 	EQU 	849
SYSREPEATTEMP1 	EQU 	50
SYSREPEATTEMP3 	EQU 	51
SYSREPEATTEMP4 	EQU 	52
SYSSTRINGA 	EQU 	119
SYSSTRINGA_H 	EQU 	120
SYSSTRINGTABLES 	EQU 	1178
SYSTEMP1 	EQU 	53
SYSTEMP2 	EQU 	54
SYSTEMP2_H 	EQU 	55
SYSTEMP3 	EQU 	56
SYSWAITTEMPMS 	EQU 	114
SYSWAITTEMPMS_H 	EQU 	115
SYSWAITTEMPS 	EQU 	116
SYSWAITTEMPUS 	EQU 	117
SYSWAITTEMPUS_H 	EQU 	118
SYSWORDTEMPA 	EQU 	117
SYSWORDTEMPA_H 	EQU 	118
SYSWORDTEMPB 	EQU 	121
SYSWORDTEMPB_H 	EQU 	122
SYSWORDTEMPX 	EQU 	112
SYSWORDTEMPX_H 	EQU 	113
T0CS 	EQU 	5
T0IE 	EQU 	5
T0IF 	EQU 	2
T0SE 	EQU 	4
T0XCS 	EQU 	0
T1CKPS0 	EQU 	4
T1CKPS1 	EQU 	5
T1CON 	EQU 	24
T1GCON 	EQU 	25
T1GGO 	EQU 	3
T1GPOL 	EQU 	6
T1GSEL 	EQU 	3
T1GSPM 	EQU 	4
T1GSS0 	EQU 	0
T1GSS1 	EQU 	1
T1GTM 	EQU 	5
T1GVAL 	EQU 	2
T1OSCEN 	EQU 	3
T1OSCR 	EQU 	7
T2CKPS0 	EQU 	0
T2CKPS1 	EQU 	1
T2CON 	EQU 	28
T2OUTPS0 	EQU 	3
T2OUTPS1 	EQU 	4
T2OUTPS2 	EQU 	5
T2OUTPS3 	EQU 	6
T4CKPS0 	EQU 	0
T4CKPS1 	EQU 	1
T4CON 	EQU 	1047
T4OUTPS0 	EQU 	3
T4OUTPS1 	EQU 	4
T4OUTPS2 	EQU 	5
T4OUTPS3 	EQU 	6
T6CKPS0 	EQU 	0
T6CKPS1 	EQU 	1
T6CON 	EQU 	1054
T6OUTPS0 	EQU 	3
T6OUTPS1 	EQU 	4
T6OUTPS2 	EQU 	5
T6OUTPS3 	EQU 	6
TABLESEVENSEGDISPDIGIT 	EQU 	957
TABLESEVENSEGDISPLETTER 	EQU 	992
TM1638_COLON 	EQU 	57
TM1638_ZERO 	EQU 	58
TMADDR 	EQU 	59
TMCHAR 	EQU 	60
TMCHAR_BRIGHT 	EQU 	61
TMDEC 	EQU 	1247
TMDIG1 	EQU 	62
TMDIG2 	EQU 	63
TMDIG3 	EQU 	64
TMDIG4 	EQU 	65
TMEVAL 	EQU 	66
TMHEX 	EQU 	1407
TMHVAL 	EQU 	67
TMLVAL 	EQU 	68
TMR0 	EQU 	21
TMR0CS 	EQU 	5
TMR0IE 	EQU 	5
TMR0IF 	EQU 	2
TMR0SE 	EQU 	4
TMR1 	EQU 	22
TMR1CS0 	EQU 	6
TMR1CS1 	EQU 	7
TMR1GE 	EQU 	7
TMR1GIE 	EQU 	7
TMR1GIF 	EQU 	7
TMR1H 	EQU 	23
TMR1IE 	EQU 	0
TMR1IF 	EQU 	0
TMR1L 	EQU 	22
TMR1ON 	EQU 	0
TMR2 	EQU 	26
TMR2IE 	EQU 	1
TMR2IF 	EQU 	1
TMR2ON 	EQU 	2
TMR4 	EQU 	1045
TMR4IE 	EQU 	1
TMR4IF 	EQU 	1
TMR4ON 	EQU 	2
TMR6 	EQU 	1052
TMR6IE 	EQU 	3
TMR6IF 	EQU 	3
TMR6ON 	EQU 	2
TMSEG1 	EQU 	69
TMSEG2 	EQU 	70
TMSEG3 	EQU 	71
TMSEG4 	EQU 	72
TMSVAL 	EQU 	73
TMVALUE 	EQU 	74
TMVALUE_H 	EQU 	75
TMWORD1 	EQU 	1394
TMWORD10 	EQU 	1308
TMWORD100 	EQU 	1291
TMWORD1000 	EQU 	1273
TM_DISPLAY7SEG 	EQU 	1520
TM_RESET 	EQU 	1542
TOSH 	EQU 	4079
TOSL 	EQU 	4078
TRISA 	EQU 	140
TRISA0 	EQU 	0
TRISA1 	EQU 	1
TRISA2 	EQU 	2
TRISA3 	EQU 	3
TRISA4 	EQU 	4
TRISA5 	EQU 	5
TRISB 	EQU 	141
TRISB4 	EQU 	4
TRISB5 	EQU 	5
TRISB6 	EQU 	6
TRISB7 	EQU 	7
TRISC 	EQU 	142
TRISC0 	EQU 	0
TRISC1 	EQU 	1
TRISC2 	EQU 	2
TRISC3 	EQU 	3
TRISC4 	EQU 	4
TRISC5 	EQU 	5
TRISC6 	EQU 	6
TRISC7 	EQU 	7
TRMT 	EQU 	1
TSEN 	EQU 	5
TSRNG 	EQU 	4
TUN0 	EQU 	0
TUN1 	EQU 	1
TUN2 	EQU 	2
TUN3 	EQU 	3
TUN4 	EQU 	4
TUN5 	EQU 	5
TX9 	EQU 	6
TX9D 	EQU 	0
TXCKSEL 	EQU 	2
TXEN 	EQU 	5
TXIE 	EQU 	4
TXIF 	EQU 	4
TXREG 	EQU 	410
TXSTA 	EQU 	414
UA 	EQU 	1
VALUE 	EQU 	76
W 	EQU 	0
WCOL 	EQU 	7
WDTCON 	EQU 	151
WDTPS0 	EQU 	1
WDTPS1 	EQU 	2
WDTPS2 	EQU 	3
WDTPS3 	EQU 	4
WDTPS4 	EQU 	5
WPUA 	EQU 	524
WPUA0 	EQU 	0
WPUA1 	EQU 	1
WPUA2 	EQU 	2
WPUA3 	EQU 	3
WPUA4 	EQU 	4
WPUA5 	EQU 	5
WPUB 	EQU 	525
WPUB4 	EQU 	4
WPUB5 	EQU 	5
WPUB6 	EQU 	6
WPUB7 	EQU 	7
WPUC 	EQU 	526
WPUC0 	EQU 	0
WPUC1 	EQU 	1
WPUC2 	EQU 	2
WPUC3 	EQU 	3
WPUC4 	EQU 	4
WPUC5 	EQU 	5
WPUC6 	EQU 	6
WPUC7 	EQU 	7
WR 	EQU 	1
WREG 	EQU 	9
WREG_SHAD 	EQU 	4069
WREN 	EQU 	2
WRERR 	EQU 	3
WRITE4DIG 	EQU 	1561
WRITECHAR 	EQU 	1618
WUE 	EQU 	1
YY 	EQU 	77
Z 	EQU 	2
Z_SHAD 	EQU 	2
_BOREN_SBODEN 	EQU 	15359

Code:
Loc	Obj Code	Original Assembly
















































































000000	3180	PAGESEL BASPROGRAMSTART
000001	2805	GOTO BASPROGRAMSTART

000004	0009	RETFIE



		BASPROGRAMSTART
000005	2354	CALL INITSYS
000006	2368	CALL INITTM1638
000000	0021	BANKSEL TRISC
000008	110E	BCF TRISC,2

000009	300A	MOVLW 10
000000	0020	BANKSEL TMCHAR_BRIGHT
00000B	00BD	MOVWF TMCHAR_BRIGHT
		SYSDOLOOP_S1
00000C	2606	CALL TM_RESET
00000D	3011	MOVLW 17
00000E	00BE	MOVWF TMDIG1
00000F	3010	MOVLW 16
000010	00BF	MOVWF TMDIG2
000011	3011	MOVLW 17
000012	00C0	MOVWF TMDIG3
000013	3010	MOVLW 16
000014	00C1	MOVWF TMDIG4
000015	01A1	CLRF BRIGHT
000016	01A3	CLRF COLONON
000017	2619	CALL WRITE4DIG
000018	3002	MOVLW 2
000019	00F4	MOVWF SYSWAITTEMPS
00001A	2341	CALL DELAY_S
00001B	3011	MOVLW 17
00001C	00BE	MOVWF TMDIG1
00001D	3010	MOVLW 16
00001E	00BF	MOVWF TMDIG2
00001F	3011	MOVLW 17
000020	00C0	MOVWF TMDIG3
000021	3010	MOVLW 16
000022	00C1	MOVWF TMDIG4
000023	300A	MOVLW 10
000024	00A1	MOVWF BRIGHT
000025	01A3	CLRF COLONON
000026	2619	CALL WRITE4DIG
000027	3002	MOVLW 2
000028	00F4	MOVWF SYSWAITTEMPS
000029	2341	CALL DELAY_S
00002A	3007	MOVLW 7
00002B	00A0	MOVWF BRI
		SYSFORLOOP1
00002C	0AA0	INCF BRI,F
00002D	3008	MOVLW 8
00002E	00BE	MOVWF TMDIG1
00002F	3008	MOVLW 8
000030	00BF	MOVWF TMDIG2
000031	3008	MOVLW 8
000032	00C0	MOVWF TMDIG3
000033	3008	MOVLW 8
000034	00C1	MOVWF TMDIG4
000035	0820	MOVF BRI,W
000036	00A1	MOVWF BRIGHT
000037	3001	MOVLW 1
000038	00A3	MOVWF COLONON
000039	2619	CALL WRITE4DIG
00003A	30F4	MOVLW 244
00003B	00F2	MOVWF SYSWAITTEMPMS
00003C	3001	MOVLW 1
00003D	00F3	MOVWF SYSWAITTEMPMS_H
00003E	2333	CALL DELAY_MS
00003F	300F	MOVLW 15
000040	0220	SUBWF BRI,W
000041	1C03	BTFSS STATUS, C
000042	282C	GOTO SYSFORLOOP1
		SYSFORLOOPEND1
000043	3007	MOVLW 7
000044	00BD	MOVWF TMCHAR_BRIGHT
		SYSFORLOOP2
000045	0ABD	INCF TMCHAR_BRIGHT,F
000046	01BB	CLRF TMADDR
000047	3047	MOVLW 71
000048	00BC	MOVWF TMCHAR
000049	2652	CALL WRITECHAR
00004A	3001	MOVLW 1
00004B	00BB	MOVWF TMADDR
00004C	3063	MOVLW 99
00004D	00BC	MOVWF TMCHAR
00004E	2652	CALL WRITECHAR
00004F	3002	MOVLW 2
000050	00BB	MOVWF TMADDR
000051	3062	MOVLW 98
000052	00BC	MOVWF TMCHAR
000053	2652	CALL WRITECHAR
000054	3003	MOVLW 3
000055	00BB	MOVWF TMADDR
000056	3020	MOVLW 32
000057	00BC	MOVWF TMCHAR
000058	2652	CALL WRITECHAR
000059	30F4	MOVLW 244
00005A	00F2	MOVWF SYSWAITTEMPMS
00005B	3001	MOVLW 1
00005C	00F3	MOVWF SYSWAITTEMPMS_H
00005D	2333	CALL DELAY_MS
00005E	300F	MOVLW 15
00005F	023D	SUBWF TMCHAR_BRIGHT,W
000060	1C03	BTFSS STATUS, C
000061	2845	GOTO SYSFORLOOP2
		SYSFORLOOPEND2
000062	2606	CALL TM_RESET
000063	300F	MOVLW 15
000064	00BD	MOVWF TMCHAR_BRIGHT
		SYSFORLOOP3
000065	30FF	MOVLW 255
000066	00AE	MOVWF SYSFORLOOPSTEP2
000067	00AF	MOVWF SYSFORLOOPSTEP2_H
000068	01BB	CLRF TMADDR
000069	3064	MOVLW 100
00006A	00BC	MOVWF TMCHAR
00006B	2652	CALL WRITECHAR
00006C	3001	MOVLW 1
00006D	00BB	MOVWF TMADDR
00006E	3065	MOVLW 101
00006F	00BC	MOVWF TMCHAR
000070	2652	CALL WRITECHAR
000071	3002	MOVLW 2
000072	00BB	MOVWF TMADDR
000073	306D	MOVLW 109
000074	00BC	MOVWF TMCHAR
000075	2652	CALL WRITECHAR
000076	3003	MOVLW 3
000077	00BB	MOVWF TMADDR
000078	306F	MOVLW 111
000079	00BC	MOVWF TMCHAR
00007A	2652	CALL WRITECHAR
00007B	30F4	MOVLW 244
00007C	00F2	MOVWF SYSWAITTEMPMS
00007D	3001	MOVLW 1
00007E	00F3	MOVWF SYSWAITTEMPMS_H
00007F	2333	CALL DELAY_MS
000080	1FAF	BTFSS SYSFORLOOPSTEP2_H,7
000081	289B	GOTO ELSE3_1
000082	3007	MOVLW 7
000083	023D	SUBWF TMCHAR_BRIGHT,W
000084	00B5	MOVWF SYSTEMP1
000085	092E	COMF SYSFORLOOPSTEP2,W
000086	00B6	MOVWF SYSTEMP2
000087	092F	COMF SYSFORLOOPSTEP2_H,W
000088	00B7	MOVWF SYSTEMP2_H
000089	0AB6	INCF SYSTEMP2,F
00008A	1903	BTFSC STATUS,Z
00008B	0AB7	INCF SYSTEMP2_H,F
00008C	0835	MOVF SYSTEMP1,W
00008D	00F5	MOVWF SYSINTEGERTEMPA
00008E	01F6	CLRF SYSINTEGERTEMPA_H
00008F	0836	MOVF SYSTEMP2,W
000090	00F9	MOVWF SYSINTEGERTEMPB
000091	0837	MOVF SYSTEMP2_H,W
000092	00FA	MOVWF SYSINTEGERTEMPB_H
000093	243C	CALL SYSCOMPLESSTHANINT
000094	09F0	COMF SYSBYTETEMPX,F
000095	1C70	BTFSS SYSBYTETEMPX,0
000096	289A	GOTO ENDIF6
000097	082E	MOVF SYSFORLOOPSTEP2,W
000098	07BD	ADDWF TMCHAR_BRIGHT,F
000099	2865	GOTO SYSFORLOOP3
		ENDIF6
00009A	28AB	GOTO ENDIF3
		ELSE3_1
00009B	083D	MOVF TMCHAR_BRIGHT,W
00009C	3C07	SUBLW 7
00009D	00B5	MOVWF SYSTEMP1
00009E	00F5	MOVWF SYSINTEGERTEMPA
00009F	01F6	CLRF SYSINTEGERTEMPA_H
0000A0	082E	MOVF SYSFORLOOPSTEP2,W
0000A1	00F9	MOVWF SYSINTEGERTEMPB
0000A2	082F	MOVF SYSFORLOOPSTEP2_H,W
0000A3	00FA	MOVWF SYSINTEGERTEMPB_H
0000A4	243C	CALL SYSCOMPLESSTHANINT
0000A5	09F0	COMF SYSBYTETEMPX,F
0000A6	1C70	BTFSS SYSBYTETEMPX,0
0000A7	28AB	GOTO ENDIF7
0000A8	082E	MOVF SYSFORLOOPSTEP2,W
0000A9	07BD	ADDWF TMCHAR_BRIGHT,F
0000AA	2865	GOTO SYSFORLOOP3
		ENDIF7
		ENDIF3
		SYSFORLOOPEND3
0000AB	2606	CALL TM_RESET
0000AC	300A	MOVLW 10
0000AD	00BD	MOVWF TMCHAR_BRIGHT
0000AE	01BB	CLRF TMADDR
0000AF	3043	MOVLW 67
0000B0	00BC	MOVWF TMCHAR
0000B1	2652	CALL WRITECHAR
0000B2	3001	MOVLW 1
0000B3	00BB	MOVWF TMADDR
0000B4	3068	MOVLW 104
0000B5	00BC	MOVWF TMCHAR
0000B6	2652	CALL WRITECHAR
0000B7	3002	MOVLW 2
0000B8	00BB	MOVWF TMADDR
0000B9	3061	MOVLW 97
0000BA	00BC	MOVWF TMCHAR
0000BB	2652	CALL WRITECHAR
0000BC	3003	MOVLW 3
0000BD	00BB	MOVWF TMADDR
0000BE	3072	MOVLW 114
0000BF	00BC	MOVWF TMCHAR
0000C0	2652	CALL WRITECHAR
0000C1	3002	MOVLW 2
0000C2	00F4	MOVWF SYSWAITTEMPS
0000C3	2341	CALL DELAY_S
0000C4	2606	CALL TM_RESET
0000C5	3040	MOVLW 64
0000C6	00A9	MOVWF LETTER
		SYSFORLOOP4
0000C7	0AA9	INCF LETTER,F
0000C8	3020	MOVLW 32
0000C9	0729	ADDWF LETTER,W
0000CA	00AB	MOVWF SMALL_CHR
0000CB	01BB	CLRF TMADDR
0000CC	0829	MOVF LETTER,W
0000CD	00BC	MOVWF TMCHAR
0000CE	2652	CALL WRITECHAR
0000CF	3001	MOVLW 1
0000D0	00BB	MOVWF TMADDR
0000D1	3020	MOVLW 32
0000D2	00BC	MOVWF TMCHAR
0000D3	2652	CALL WRITECHAR
0000D4	3002	MOVLW 2
0000D5	00BB	MOVWF TMADDR
0000D6	082B	MOVF SMALL_CHR,W
0000D7	00BC	MOVWF TMCHAR
0000D8	2652	CALL WRITECHAR
0000D9	3003	MOVLW 3
0000DA	00BB	MOVWF TMADDR
0000DB	3020	MOVLW 32
0000DC	00BC	MOVWF TMCHAR
0000DD	2652	CALL WRITECHAR
0000DE	3001	MOVLW 1
0000DF	00F4	MOVWF SYSWAITTEMPS
0000E0	2341	CALL DELAY_S
0000E1	305A	MOVLW 90
0000E2	0229	SUBWF LETTER,W
0000E3	1C03	BTFSS STATUS, C
0000E4	28C7	GOTO SYSFORLOOP4
		SYSFORLOOPEND4
0000E5	2606	CALL TM_RESET
0000E6	01BB	CLRF TMADDR
0000E7	3053	MOVLW 83
0000E8	00BC	MOVWF TMCHAR
0000E9	2652	CALL WRITECHAR
0000EA	3001	MOVLW 1
0000EB	00BB	MOVWF TMADDR
0000EC	3050	MOVLW 80
0000ED	00BC	MOVWF TMCHAR
0000EE	2652	CALL WRITECHAR
0000EF	3002	MOVLW 2
0000F0	00BB	MOVWF TMADDR
0000F1	3045	MOVLW 69
0000F2	00BC	MOVWF TMCHAR
0000F3	2652	CALL WRITECHAR
0000F4	3003	MOVLW 3
0000F5	00BB	MOVWF TMADDR
0000F6	3043	MOVLW 67
0000F7	00BC	MOVWF TMCHAR
0000F8	2652	CALL WRITECHAR
0000F9	3004	MOVLW 4
0000FA	00BB	MOVWF TMADDR
0000FB	3049	MOVLW 73
0000FC	00BC	MOVWF TMCHAR
0000FD	2652	CALL WRITECHAR
0000FE	3005	MOVLW 5
0000FF	00BB	MOVWF TMADDR
000100	3041	MOVLW 65
000101	00BC	MOVWF TMCHAR
000102	2652	CALL WRITECHAR
000103	3006	MOVLW 6
000104	00BB	MOVWF TMADDR
000105	304C	MOVLW 76
000106	00BC	MOVWF TMCHAR
000107	2652	CALL WRITECHAR
000108	3007	MOVLW 7
000109	00BB	MOVWF TMADDR
00010A	3020	MOVLW 32
00010B	00BC	MOVWF TMCHAR
00010C	2652	CALL WRITECHAR
00010D	3002	MOVLW 2
00010E	00F4	MOVWF SYSWAITTEMPS
00010F	2341	CALL DELAY_S
000110	2606	CALL TM_RESET
000111	3011	MOVLW 17
000112	00BE	MOVWF TMDIG1
000113	3012	MOVLW 18
000114	00BF	MOVWF TMDIG2
000115	3013	MOVLW 19
000116	00C0	MOVWF TMDIG3
000117	3014	MOVLW 20
000118	00C1	MOVWF TMDIG4
000119	300A	MOVLW 10
00011A	00A1	MOVWF BRIGHT
00011B	01A3	CLRF COLONON
00011C	2619	CALL WRITE4DIG
00011D	3002	MOVLW 2
00011E	00F4	MOVWF SYSWAITTEMPS
00011F	2341	CALL DELAY_S
000120	01BB	CLRF TMADDR
000121	303F	MOVLW 63
000122	00BC	MOVWF TMCHAR
000123	2652	CALL WRITECHAR
000124	3001	MOVLW 1
000125	00BB	MOVWF TMADDR
000126	302D	MOVLW 45
000127	00BC	MOVWF TMCHAR
000128	2652	CALL WRITECHAR
000129	3002	MOVLW 2
00012A	00BB	MOVWF TMADDR
00012B	30B0	MOVLW 176
00012C	00AD	MOVWF SYSCHAR
00012D	2322	CALL FN_CHR
00012E	2652	CALL WRITECHAR
00012F	3003	MOVLW 3
000130	00BB	MOVWF TMADDR
000131	3029	MOVLW 41
000132	00BC	MOVWF TMCHAR
000133	2652	CALL WRITECHAR
000134	3002	MOVLW 2
000135	00F4	MOVWF SYSWAITTEMPS
000136	2341	CALL DELAY_S
000137	01BB	CLRF TMADDR
000138	3048	MOVLW 72
000139	00BC	MOVWF TMCHAR
00013A	2652	CALL WRITECHAR
00013B	3001	MOVLW 1
00013C	00BB	MOVWF TMADDR
00013D	3065	MOVLW 101
00013E	00BC	MOVWF TMCHAR
00013F	2652	CALL WRITECHAR
000140	3002	MOVLW 2
000141	00BB	MOVWF TMADDR
000142	3078	MOVLW 120
000143	00BC	MOVWF TMCHAR
000144	2652	CALL WRITECHAR
000145	3003	MOVLW 3
000146	00BB	MOVWF TMADDR
000147	3061	MOVLW 97
000148	00BC	MOVWF TMCHAR
000149	2652	CALL WRITECHAR
00014A	3002	MOVLW 2
00014B	00F4	MOVWF SYSWAITTEMPS
00014C	2341	CALL DELAY_S
00014D	30FF	MOVLW 255
00014E	00CA	MOVWF TMVALUE
00014F	01CB	CLRF TMVALUE_H
000150	257F	CALL TMHEX
000151	3002	MOVLW 2
000152	00F4	MOVWF SYSWAITTEMPS
000153	2341	CALL DELAY_S
000154	30FF	MOVLW 255
000155	00CA	MOVWF TMVALUE
000156	00CB	MOVWF TMVALUE_H
000157	257F	CALL TMHEX
000158	3002	MOVLW 2
000159	00F4	MOVWF SYSWAITTEMPS
00015A	2341	CALL DELAY_S
00015B	30CD	MOVLW 205
00015C	00CA	MOVWF TMVALUE
00015D	30AB	MOVLW 171
00015E	00CB	MOVWF TMVALUE_H
00015F	257F	CALL TMHEX
000160	3002	MOVLW 2
000161	00F4	MOVWF SYSWAITTEMPS
000162	2341	CALL DELAY_S
000163	01BB	CLRF TMADDR
000164	3044	MOVLW 68
000165	00BC	MOVWF TMCHAR
000166	2652	CALL WRITECHAR
000167	3001	MOVLW 1
000168	00BB	MOVWF TMADDR
000169	3065	MOVLW 101
00016A	00BC	MOVWF TMCHAR
00016B	2652	CALL WRITECHAR
00016C	3002	MOVLW 2
00016D	00BB	MOVWF TMADDR
00016E	3063	MOVLW 99
00016F	00BC	MOVWF TMCHAR
000170	2652	CALL WRITECHAR
000171	3003	MOVLW 3
000172	00BB	MOVWF TMADDR
000173	3020	MOVLW 32
000174	00BC	MOVWF TMCHAR
000175	2652	CALL WRITECHAR
000176	3002	MOVLW 2
000177	00F4	MOVWF SYSWAITTEMPS
000178	2341	CALL DELAY_S
000179	309F	MOVLW 159
00017A	00CA	MOVWF TMVALUE
00017B	301F	MOVLW 31
00017C	00CB	MOVWF TMVALUE_H
00017D	01BA	CLRF TM1638_ZERO
00017E	24DF	CALL TMDEC
00017F	3002	MOVLW 2
000180	00F4	MOVWF SYSWAITTEMPS
000181	2341	CALL DELAY_S
000182	3002	MOVLW 2
000183	00CA	MOVWF TMVALUE
000184	01CB	CLRF TMVALUE_H
000185	01BA	CLRF TM1638_ZERO
000186	24DF	CALL TMDEC
000187	3002	MOVLW 2
000188	00F4	MOVWF SYSWAITTEMPS
000189	2341	CALL DELAY_S
00018A	3086	MOVLW 134
00018B	00CA	MOVWF TMVALUE
00018C	01CB	CLRF TMVALUE_H
00018D	01BA	CLRF TM1638_ZERO
00018E	24DF	CALL TMDEC
00018F	3002	MOVLW 2
000190	00F4	MOVWF SYSWAITTEMPS
000191	2341	CALL DELAY_S
000192	01BB	CLRF TMADDR
000193	302D	MOVLW 45
000194	00BC	MOVWF TMCHAR
000195	2652	CALL WRITECHAR
000196	3002	MOVLW 2
000197	00F4	MOVWF SYSWAITTEMPS
000198	2341	CALL DELAY_S
000199	3086	MOVLW 134
00019A	00CA	MOVWF TMVALUE
00019B	01CB	CLRF TMVALUE_H
00019C	3002	MOVLW 2
00019D	00BA	MOVWF TM1638_ZERO
00019E	24DF	CALL TMDEC
00019F	3002	MOVLW 2
0001A0	00F4	MOVWF SYSWAITTEMPS
0001A1	2341	CALL DELAY_S
0001A2	3043	MOVLW 67
0001A3	00CA	MOVWF TMVALUE
0001A4	01CB	CLRF TMVALUE_H
0001A5	01BA	CLRF TM1638_ZERO
0001A6	24DF	CALL TMDEC
0001A7	3002	MOVLW 2
0001A8	00F4	MOVWF SYSWAITTEMPS
0001A9	2341	CALL DELAY_S
0001AA	3039	MOVLW 57
0001AB	00CA	MOVWF TMVALUE
0001AC	3030	MOVLW 48
0001AD	00CB	MOVWF TMVALUE_H
0001AE	01BA	CLRF TM1638_ZERO
0001AF	24DF	CALL TMDEC
0001B0	3002	MOVLW 2
0001B1	00F4	MOVWF SYSWAITTEMPS
0001B2	2341	CALL DELAY_S
0001B3	01BB	CLRF TMADDR
0001B4	305A	MOVLW 90
0001B5	00BC	MOVWF TMCHAR
0001B6	2652	CALL WRITECHAR
0001B7	3001	MOVLW 1
0001B8	00BB	MOVWF TMADDR
0001B9	3065	MOVLW 101
0001BA	00BC	MOVWF TMCHAR
0001BB	2652	CALL WRITECHAR
0001BC	3002	MOVLW 2
0001BD	00BB	MOVWF TMADDR
0001BE	3072	MOVLW 114
0001BF	00BC	MOVWF TMCHAR
0001C0	2652	CALL WRITECHAR
0001C1	3003	MOVLW 3
0001C2	00BB	MOVWF TMADDR
0001C3	306F	MOVLW 111
0001C4	00BC	MOVWF TMCHAR
0001C5	2652	CALL WRITECHAR
0001C6	3002	MOVLW 2
0001C7	00F4	MOVWF SYSWAITTEMPS
0001C8	2341	CALL DELAY_S
0001C9	309F	MOVLW 159
0001CA	00CA	MOVWF TMVALUE
0001CB	301F	MOVLW 31
0001CC	00CB	MOVWF TMVALUE_H
0001CD	3001	MOVLW 1
0001CE	00BA	MOVWF TM1638_ZERO
0001CF	24DF	CALL TMDEC
0001D0	3002	MOVLW 2
0001D1	00F4	MOVWF SYSWAITTEMPS
0001D2	2341	CALL DELAY_S
0001D3	3002	MOVLW 2
0001D4	00CA	MOVWF TMVALUE
0001D5	01CB	CLRF TMVALUE_H
0001D6	3001	MOVLW 1
0001D7	00BA	MOVWF TM1638_ZERO
0001D8	24DF	CALL TMDEC
0001D9	3002	MOVLW 2
0001DA	00F4	MOVWF SYSWAITTEMPS
0001DB	2341	CALL DELAY_S
0001DC	3086	MOVLW 134
0001DD	00CA	MOVWF TMVALUE
0001DE	01CB	CLRF TMVALUE_H
0001DF	3001	MOVLW 1
0001E0	00BA	MOVWF TM1638_ZERO
0001E1	24DF	CALL TMDEC
0001E2	3002	MOVLW 2
0001E3	00F4	MOVWF SYSWAITTEMPS
0001E4	2341	CALL DELAY_S
0001E5	3043	MOVLW 67
0001E6	00CA	MOVWF TMVALUE
0001E7	01CB	CLRF TMVALUE_H
0001E8	3001	MOVLW 1
0001E9	00BA	MOVWF TM1638_ZERO
0001EA	24DF	CALL TMDEC
0001EB	3002	MOVLW 2
0001EC	00F4	MOVWF SYSWAITTEMPS
0001ED	2341	CALL DELAY_S
0001EE	3039	MOVLW 57
0001EF	00CA	MOVWF TMVALUE
0001F0	3030	MOVLW 48
0001F1	00CB	MOVWF TMVALUE_H
0001F2	3001	MOVLW 1
0001F3	00BA	MOVWF TM1638_ZERO
0001F4	24DF	CALL TMDEC
0001F5	3002	MOVLW 2
0001F6	00F4	MOVWF SYSWAITTEMPS
0001F7	2341	CALL DELAY_S
0001F8	01BB	CLRF TMADDR
0001F9	3054	MOVLW 84
0001FA	00BC	MOVWF TMCHAR
0001FB	2652	CALL WRITECHAR
0001FC	3001	MOVLW 1
0001FD	00BB	MOVWF TMADDR
0001FE	3065	MOVLW 101
0001FF	00BC	MOVWF TMCHAR
000200	2652	CALL WRITECHAR
000201	3002	MOVLW 2
000202	00BB	MOVWF TMADDR
000203	3072	MOVLW 114
000204	00BC	MOVWF TMCHAR
000205	2652	CALL WRITECHAR
000206	3003	MOVLW 3
000207	00BB	MOVWF TMADDR
000208	306D	MOVLW 109
000209	00BC	MOVWF TMCHAR
00020A	2652	CALL WRITECHAR
00020B	3002	MOVLW 2
00020C	00F4	MOVWF SYSWAITTEMPS
00020D	2341	CALL DELAY_S
00020E	3002	MOVLW 2
00020F	00BE	MOVWF TMDIG1
000210	3002	MOVLW 2
000211	00BF	MOVWF TMDIG2
000212	3012	MOVLW 18
000213	00C0	MOVWF TMDIG3
000214	300C	MOVLW 12
000215	00C1	MOVWF TMDIG4
000216	300A	MOVLW 10
000217	00A1	MOVWF BRIGHT
000218	01A3	CLRF COLONON
000219	2619	CALL WRITE4DIG
00021A	3002	MOVLW 2
00021B	00F4	MOVWF SYSWAITTEMPS
00021C	2341	CALL DELAY_S
00021D	3009	MOVLW 9
00021E	00BE	MOVWF TMDIG1
00021F	3003	MOVLW 3
000220	00BF	MOVWF TMDIG2
000221	3012	MOVLW 18
000222	00C0	MOVWF TMDIG3
000223	300F	MOVLW 15
000224	00C1	MOVWF TMDIG4
000225	300B	MOVLW 11
000226	00A1	MOVWF BRIGHT
000227	01A3	CLRF COLONON
000228	2619	CALL WRITE4DIG
000229	3002	MOVLW 2
00022A	00F4	MOVWF SYSWAITTEMPS
00022B	2341	CALL DELAY_S
00022C	3010	MOVLW 16
00022D	00BE	MOVWF TMDIG1
00022E	3009	MOVLW 9
00022F	00BF	MOVWF TMDIG2
000230	3012	MOVLW 18
000231	00C0	MOVWF TMDIG3
000232	300C	MOVLW 12
000233	00C1	MOVWF TMDIG4
000234	300A	MOVLW 10
000235	00A1	MOVWF BRIGHT
000236	01A3	CLRF COLONON
000237	2619	CALL WRITE4DIG
000238	3002	MOVLW 2
000239	00F4	MOVWF SYSWAITTEMPS
00023A	2341	CALL DELAY_S
00023B	3011	MOVLW 17
00023C	00BE	MOVWF TMDIG1
00023D	3007	MOVLW 7
00023E	00BF	MOVWF TMDIG2
00023F	3012	MOVLW 18
000240	00C0	MOVWF TMDIG3
000241	300C	MOVLW 12
000242	00C1	MOVWF TMDIG4
000243	3009	MOVLW 9
000244	00A1	MOVWF BRIGHT
000245	01A3	CLRF COLONON
000246	2619	CALL WRITE4DIG
000247	3002	MOVLW 2
000248	00F4	MOVWF SYSWAITTEMPS
000249	2341	CALL DELAY_S
00024A	01BB	CLRF TMADDR
00024B	3043	MOVLW 67
00024C	00BC	MOVWF TMCHAR
00024D	2652	CALL WRITECHAR
00024E	3001	MOVLW 1
00024F	00BB	MOVWF TMADDR
000250	306C	MOVLW 108
000251	00BC	MOVWF TMCHAR
000252	2652	CALL WRITECHAR
000253	3002	MOVLW 2
000254	00BB	MOVWF TMADDR
000255	306F	MOVLW 111
000256	00BC	MOVWF TMCHAR
000257	2652	CALL WRITECHAR
000258	3003	MOVLW 3
000259	00BB	MOVWF TMADDR
00025A	3043	MOVLW 67
00025B	00BC	MOVWF TMCHAR
00025C	2652	CALL WRITECHAR
00025D	3004	MOVLW 4
00025E	00BB	MOVWF TMADDR
00025F	306B	MOVLW 107
000260	00BC	MOVWF TMCHAR
000261	2652	CALL WRITECHAR
000262	3005	MOVLW 5
000263	00BB	MOVWF TMADDR
000264	3020	MOVLW 32
000265	00BC	MOVWF TMCHAR
000266	2652	CALL WRITECHAR
000267	3006	MOVLW 6
000268	00BB	MOVWF TMADDR
000269	3020	MOVLW 32
00026A	00BC	MOVWF TMCHAR
00026B	2652	CALL WRITECHAR
00026C	3007	MOVLW 7
00026D	00BB	MOVWF TMADDR
00026E	3020	MOVLW 32
00026F	00BC	MOVWF TMCHAR
000270	2652	CALL WRITECHAR
000271	3002	MOVLW 2
000272	00F4	MOVWF SYSWAITTEMPS
000273	2341	CALL DELAY_S
000274	3004	MOVLW 4
000275	00BB	MOVWF TMADDR
000276	3020	MOVLW 32
000277	00BC	MOVWF TMCHAR
000278	2652	CALL WRITECHAR
000279	3003	MOVLW 3
00027A	00B2	MOVWF SYSREPEATTEMP1
		SYSREPEATLOOP1
00027B	3001	MOVLW 1
00027C	00BE	MOVWF TMDIG1
00027D	3001	MOVLW 1
00027E	00BF	MOVWF TMDIG2
00027F	3005	MOVLW 5
000280	00C0	MOVWF TMDIG3
000281	3009	MOVLW 9
000282	00C1	MOVWF TMDIG4
000283	300A	MOVLW 10
000284	00A1	MOVWF BRIGHT
000285	3001	MOVLW 1
000286	00A3	MOVWF COLONON
000287	2619	CALL WRITE4DIG
000288	30F4	MOVLW 244
000289	00F2	MOVWF SYSWAITTEMPMS
00028A	3001	MOVLW 1
00028B	00F3	MOVWF SYSWAITTEMPMS_H
00028C	2333	CALL DELAY_MS
00028D	3001	MOVLW 1
00028E	00BE	MOVWF TMDIG1
00028F	3001	MOVLW 1
000290	00BF	MOVWF TMDIG2
000291	3005	MOVLW 5
000292	00C0	MOVWF TMDIG3
000293	3009	MOVLW 9
000294	00C1	MOVWF TMDIG4
000295	300A	MOVLW 10
000296	00A1	MOVWF BRIGHT
000297	01A3	CLRF COLONON
000298	2619	CALL WRITE4DIG
000299	30F4	MOVLW 244
00029A	00F2	MOVWF SYSWAITTEMPMS
00029B	3001	MOVLW 1
00029C	00F3	MOVWF SYSWAITTEMPMS_H
00029D	2333	CALL DELAY_MS
00029E	0BB2	DECFSZ SYSREPEATTEMP1,F
00029F	2A7B	GOTO SYSREPEATLOOP1
		SYSREPEATLOOPEND1
0002A0	3003	MOVLW 3
0002A1	00B2	MOVWF SYSREPEATTEMP1
		SYSREPEATLOOP2
0002A2	3001	MOVLW 1
0002A3	00BE	MOVWF TMDIG1
0002A4	3002	MOVLW 2
0002A5	00BF	MOVWF TMDIG2
0002A6	01C0	CLRF TMDIG3
0002A7	01C1	CLRF TMDIG4
0002A8	300A	MOVLW 10
0002A9	00A1	MOVWF BRIGHT
0002AA	3001	MOVLW 1
0002AB	00A3	MOVWF COLONON
0002AC	2619	CALL WRITE4DIG
0002AD	30F4	MOVLW 244
0002AE	00F2	MOVWF SYSWAITTEMPMS
0002AF	3001	MOVLW 1
0002B0	00F3	MOVWF SYSWAITTEMPMS_H
0002B1	2333	CALL DELAY_MS
0002B2	3001	MOVLW 1
0002B3	00BE	MOVWF TMDIG1
0002B4	3002	MOVLW 2
0002B5	00BF	MOVWF TMDIG2
0002B6	01C0	CLRF TMDIG3
0002B7	01C1	CLRF TMDIG4
0002B8	300A	MOVLW 10
0002B9	00A1	MOVWF BRIGHT
0002BA	01A3	CLRF COLONON
0002BB	2619	CALL WRITE4DIG
0002BC	30F4	MOVLW 244
0002BD	00F2	MOVWF SYSWAITTEMPMS
0002BE	3001	MOVLW 1
0002BF	00F3	MOVWF SYSWAITTEMPMS_H
0002C0	2333	CALL DELAY_MS
0002C1	0BB2	DECFSZ SYSREPEATTEMP1,F
0002C2	2AA2	GOTO SYSREPEATLOOP2
		SYSREPEATLOOPEND2
0002C3	01BB	CLRF TMADDR
0002C4	3043	MOVLW 67
0002C5	00BC	MOVWF TMCHAR
0002C6	2652	CALL WRITECHAR
0002C7	3001	MOVLW 1
0002C8	00BB	MOVWF TMADDR
0002C9	304F	MOVLW 79
0002CA	00BC	MOVWF TMCHAR
0002CB	2652	CALL WRITECHAR
0002CC	3002	MOVLW 2
0002CD	00BB	MOVWF TMADDR
0002CE	3055	MOVLW 85
0002CF	00BC	MOVWF TMCHAR
0002D0	2652	CALL WRITECHAR
0002D1	3003	MOVLW 3
0002D2	00BB	MOVWF TMADDR
0002D3	306E	MOVLW 110
0002D4	00BC	MOVWF TMCHAR
0002D5	2652	CALL WRITECHAR
0002D6	3002	MOVLW 2
0002D7	00F4	MOVWF SYSWAITTEMPS
0002D8	2341	CALL DELAY_S
0002D9	307B	MOVLW 123
0002DA	00A0	MOVWF BRI
		SYSFORLOOP5
0002DB	30FF	MOVLW 255
0002DC	00B0	MOVWF SYSFORLOOPSTEP4
0002DD	00B1	MOVWF SYSFORLOOPSTEP4_H
0002DE	0820	MOVF BRI,W
0002DF	00CA	MOVWF TMVALUE
0002E0	01CB	CLRF TMVALUE_H
0002E1	3001	MOVLW 1
0002E2	00BA	MOVWF TM1638_ZERO
0002E3	24DF	CALL TMDEC
0002E4	30F4	MOVLW 244
0002E5	00F2	MOVWF SYSWAITTEMPMS
0002E6	3001	MOVLW 1
0002E7	00F3	MOVWF SYSWAITTEMPMS_H
0002E8	2333	CALL DELAY_MS
0002E9	0820	MOVF BRI,W
0002EA	00CA	MOVWF TMVALUE
0002EB	01CB	CLRF TMVALUE_H
0002EC	3003	MOVLW 3
0002ED	00BA	MOVWF TM1638_ZERO
0002EE	24DF	CALL TMDEC
0002EF	30F4	MOVLW 244
0002F0	00F2	MOVWF SYSWAITTEMPMS
0002F1	3001	MOVLW 1
0002F2	00F3	MOVWF SYSWAITTEMPMS_H
0002F3	2333	CALL DELAY_MS
0002F4	1FB1	BTFSS SYSFORLOOPSTEP4_H,7
0002F5	2B0F	GOTO ELSE5_1
0002F6	3075	MOVLW 117
0002F7	0220	SUBWF BRI,W
0002F8	00B5	MOVWF SYSTEMP1
0002F9	0930	COMF SYSFORLOOPSTEP4,W
0002FA	00B6	MOVWF SYSTEMP2
0002FB	0931	COMF SYSFORLOOPSTEP4_H,W
0002FC	00B7	MOVWF SYSTEMP2_H
0002FD	0AB6	INCF SYSTEMP2,F
0002FE	1903	BTFSC STATUS,Z
0002FF	0AB7	INCF SYSTEMP2_H,F
000300	0835	MOVF SYSTEMP1,W
000301	00F5	MOVWF SYSINTEGERTEMPA
000302	01F6	CLRF SYSINTEGERTEMPA_H
000303	0836	MOVF SYSTEMP2,W
000304	00F9	MOVWF SYSINTEGERTEMPB
000305	0837	MOVF SYSTEMP2_H,W
000306	00FA	MOVWF SYSINTEGERTEMPB_H
000307	243C	CALL SYSCOMPLESSTHANINT
000308	09F0	COMF SYSBYTETEMPX,F
000309	1C70	BTFSS SYSBYTETEMPX,0
00030A	2B0E	GOTO ENDIF8
00030B	0830	MOVF SYSFORLOOPSTEP4,W
00030C	07A0	ADDWF BRI,F
00030D	2ADB	GOTO SYSFORLOOP5
		ENDIF8
00030E	2B1F	GOTO ENDIF5
		ELSE5_1
00030F	0820	MOVF BRI,W
000310	3C75	SUBLW 117
000311	00B5	MOVWF SYSTEMP1
000312	00F5	MOVWF SYSINTEGERTEMPA
000313	01F6	CLRF SYSINTEGERTEMPA_H
000314	0830	MOVF SYSFORLOOPSTEP4,W
000315	00F9	MOVWF SYSINTEGERTEMPB
000316	0831	MOVF SYSFORLOOPSTEP4_H,W
000317	00FA	MOVWF SYSINTEGERTEMPB_H
000318	243C	CALL SYSCOMPLESSTHANINT
000319	09F0	COMF SYSBYTETEMPX,F
00031A	1C70	BTFSS SYSBYTETEMPX,0
00031B	2B1F	GOTO ENDIF9
00031C	0830	MOVF SYSFORLOOPSTEP4,W
00031D	07A0	ADDWF BRI,F
00031E	2ADB	GOTO SYSFORLOOP5
		ENDIF9
		ENDIF5
		SYSFORLOOPEND5
00031F	280C	GOTO SYSDOLOOP_S1
		SYSDOLOOP_E1
		BASPROGRAMEND
000320	0063	SLEEP
000321	2B20	GOTO BASPROGRAMEND


		FN_CHR
000322	3000	MOVLW 0
000323	022D	SUBWF SYSCHAR,W
000324	1803	BTFSC STATUS, C
000325	2B2A	GOTO ENDIF39
000000	002C	BANKSEL SYSCHR_0
000327	01A7	CLRF SYSCHR_0
000000	0020	BANKSEL STATUS
000329	0008	RETURN
		ENDIF39
00032A	3001	MOVLW 1
000000	002C	BANKSEL SYSCHR_0
00032C	00A7	MOVWF SYSCHR_0
000000	0020	BANKSEL SYSCHAR
00032E	082D	MOVF SYSCHAR,W
000000	002C	BANKSEL SYSCHR_1
000330	00A8	MOVWF SYSCHR_1
000000	0020	BANKSEL STATUS
000332	0008	RETURN


		DELAY_MS
000333	0AF3	INCF SYSWAITTEMPMS_H, F
		DMS_START
000334	3004	MOVLW 4
000335	00F1	MOVWF DELAYTEMP2
		DMS_OUTER
000336	30A5	MOVLW 165
000337	00F0	MOVWF DELAYTEMP
		DMS_INNER
000338	0BF0	DECFSZ DELAYTEMP, F
000339	2B38	GOTO DMS_INNER
00033A	0BF1	DECFSZ DELAYTEMP2, F
00033B	2B36	GOTO DMS_OUTER
00033C	0BF2	DECFSZ SYSWAITTEMPMS, F
00033D	2B34	GOTO DMS_START
00033E	0BF3	DECFSZ SYSWAITTEMPMS_H, F
00033F	2B34	GOTO DMS_START
000340	0008	RETURN


		DELAY_S
		DS_START
000341	30E8	MOVLW 232
000342	00F2	MOVWF SYSWAITTEMPMS
000343	3003	MOVLW 3
000344	00F3	MOVWF SYSWAITTEMPMS_H
000345	2333	CALL DELAY_MS
000346	0BF4	DECFSZ SYSWAITTEMPS, F
000347	2B41	GOTO DS_START
000348	0008	RETURN


		FN_FNLSR99
000349	082A	MOVF NUMBITS,W
00034A	00B4	MOVWF SYSREPEATTEMP4
00034B	1903	BTFSC STATUS,Z
00034C	2B51	GOTO SYSREPEATLOOPEND4
		SYSREPEATLOOP4
00034D	1003	BCF STATUS,C
00034E	0CF9	RRF SYSBYTETEMPB,F
00034F	0BB4	DECFSZ SYSREPEATTEMP4,F
000350	2B4D	GOTO SYSREPEATLOOP4
		SYSREPEATLOOPEND4
000351	0879	MOVF SYSBYTETEMPB,W
000352	00A5	MOVWF FNLSR
000353	0008	RETURN


		INITSYS
000000	0021	BANKSEL OSCCON
000355	1719	BSF OSCCON,IRCF3
000356	1699	BSF OSCCON,IRCF2
000357	1619	BSF OSCCON,IRCF1
000358	1199	BCF OSCCON,IRCF0
000359	1399	BCF OSCCON,SPLLEN
00035A	139E	BCF ADCON1,ADFM
00035B	101D	BCF ADCON0,ADON
000000	0023	BANKSEL ANSELA
00035D	018C	CLRF ANSELA
00035E	018D	CLRF ANSELB
00035F	018E	CLRF ANSELC
000000	0022	BANKSEL CM2CON0
000361	1393	BCF CM2CON0,C2ON
000362	1391	BCF CM1CON0,C1ON
000000	0020	BANKSEL PORTA
000364	018C	CLRF PORTA
000365	018D	CLRF PORTB
000366	018E	CLRF PORTC
000367	0008	RETURN


		INITTM1638
000000	0022	BANKSEL LATC
000369	150E	BSF LATC,2
00036A	300F	MOVLW 15
000000	0020	BANKSEL BRIGHTNESS
00036C	00A2	MOVWF BRIGHTNESS
000000	0021	BANKSEL TRISC
00036E	100E	BCF TRISC,0
00036F	108E	BCF TRISC,1
000370	308F	MOVLW 143
000000	0020	BANKSEL VALUE
000372	00CC	MOVWF VALUE
000373	237C	CALL SENDCOMMAND
000374	3007	MOVLW 7
000375	0522	ANDWF BRIGHTNESS,W
000376	00B5	MOVWF SYSTEMP1
000377	3088	MOVLW 136
000378	0735	ADDWF SYSTEMP1,W
000379	00CC	MOVWF VALUE
00037A	237C	CALL SENDCOMMAND
00037B	2E06	GOTO TM_RESET


		SENDCOMMAND
000000	0022	BANKSEL LATC
00037D	110E	BCF LATC,2
000000	0020	BANKSEL VALUE
00037F	084C	MOVF VALUE,W
000380	00A4	MOVWF DATA
000381	2388	CALL SENDDATA
000382	0824	MOVF DATA,W
000383	00CC	MOVWF VALUE
000000	0022	BANKSEL LATC
000385	150E	BSF LATC,2
000000	0020	BANKSEL STATUS
000387	0008	RETURN


		SENDDATA
000388	01CD	CLRF YY
		SYSFORLOOP6
000389	0ACD	INCF YY,F
000000	0022	BANKSEL LATC
00038B	108E	BCF LATC,1
00038C	3003	MOVLW 3
00038D	00F0	MOVWF DELAYTEMP
		DELAYUS1
00038E	0BF0	DECFSZ DELAYTEMP,F
00038F	2B8E	GOTO DELAYUS1
000000	0020	BANKSEL DATA
000391	0824	MOVF DATA,W
000392	00B5	MOVWF SYSTEMP1
000393	1C35	BTFSS SYSTEMP1,0
000394	2B98	GOTO ELSE40_1
000000	0022	BANKSEL LATC
000396	140E	BSF LATC,0
000397	2B9A	GOTO ENDIF40
		ELSE40_1
000000	0022	BANKSEL LATC
000399	100E	BCF LATC,0
		ENDIF40
00039A	3003	MOVLW 3
00039B	00F0	MOVWF DELAYTEMP
		DELAYUS2
00039C	0BF0	DECFSZ DELAYTEMP,F
00039D	2B9C	GOTO DELAYUS2
00039E	148E	BSF LATC,1
00039F	3003	MOVLW 3
0003A0	00F0	MOVWF DELAYTEMP
		DELAYUS3
0003A1	0BF0	DECFSZ DELAYTEMP,F
0003A2	2BA1	GOTO DELAYUS3
000000	0020	BANKSEL DATA
0003A4	0824	MOVF DATA,W
0003A5	00F9	MOVWF SYSBYTETEMPB
0003A6	3001	MOVLW 1
0003A7	00AA	MOVWF NUMBITS
0003A8	2349	CALL FN_FNLSR99
0003A9	0825	MOVF SYSFNLSRBYTE,W
0003AA	00A4	MOVWF DATA
0003AB	3008	MOVLW 8
0003AC	024D	SUBWF YY,W
0003AD	1C03	BTFSS STATUS, C
0003AE	2B89	GOTO SYSFORLOOP6
		SYSFORLOOPEND6
0003AF	0008	RETURN


		SEVENSEGDISPDIGIT
0003B0	3016	MOVLW 22
0003B1	0277	SUBWF SYSSTRINGA, W
0003B2	1803	BTFSC STATUS, C
0003B3	3400	RETLW 0
0003B4	0877	MOVF SYSSTRINGA, W
0003B5	3EBD	ADDLW LOW TABLESEVENSEGDISPDIGIT
0003B6	00F7	MOVWF SYSSTRINGA
0003B7	3003	MOVLW (HIGH TABLESEVENSEGDISPDIGIT) & 127
0003B8	1803	BTFSC STATUS, C
0003B9	3E01	ADDLW 1
0003BA	008A	MOVWF PCLATH
0003BB	0877	MOVF SYSSTRINGA, W
0003BC	0082	MOVWF PCL
		TABLESEVENSEGDISPDIGIT
0003BD	3415	RETLW 21
0003BE	343F	RETLW 63
0003BF	3406	RETLW 6
0003C0	345B	RETLW 91
0003C1	344F	RETLW 79
0003C2	3466	RETLW 102
0003C3	346D	RETLW 109
0003C4	347D	RETLW 125
0003C5	3407	RETLW 7
0003C6	347F	RETLW 127
0003C7	346F	RETLW 111
0003C8	3477	RETLW 119
0003C9	347C	RETLW 124
0003CA	3439	RETLW 57
0003CB	345E	RETLW 94
0003CC	3479	RETLW 121
0003CD	3471	RETLW 113
0003CE	3400	RETLW 0
0003CF	3440	RETLW 64
0003D0	3463	RETLW 99
0003D1	340F	RETLW 15
0003D2	3453	RETLW 83


		SEVENSEGDISPLETTER
0003D3	3035	MOVLW 53
0003D4	0277	SUBWF SYSSTRINGA, W
0003D5	1803	BTFSC STATUS, C
0003D6	3400	RETLW 0
0003D7	0877	MOVF SYSSTRINGA, W
0003D8	3EE0	ADDLW LOW TABLESEVENSEGDISPLETTER
0003D9	00F7	MOVWF SYSSTRINGA
0003DA	3003	MOVLW (HIGH TABLESEVENSEGDISPLETTER) & 127
0003DB	1803	BTFSC STATUS, C
0003DC	3E01	ADDLW 1
0003DD	008A	MOVWF PCLATH
0003DE	0877	MOVF SYSSTRINGA, W
0003DF	0082	MOVWF PCL
		TABLESEVENSEGDISPLETTER
0003E0	3434	RETLW 52
0003E1	3477	RETLW 119
0003E2	347C	RETLW 124
0003E3	3439	RETLW 57
0003E4	345E	RETLW 94
0003E5	3479	RETLW 121
0003E6	3471	RETLW 113
0003E7	343D	RETLW 61
0003E8	3476	RETLW 118
0003E9	3406	RETLW 6
0003EA	340E	RETLW 14
0003EB	3476	RETLW 118
0003EC	3438	RETLW 56
0003ED	3437	RETLW 55
0003EE	3437	RETLW 55
0003EF	343F	RETLW 63
0003F0	3473	RETLW 115
0003F1	3467	RETLW 103
0003F2	3450	RETLW 80
0003F3	346D	RETLW 109
0003F4	3407	RETLW 7
0003F5	343E	RETLW 62
0003F6	343E	RETLW 62
0003F7	343E	RETLW 62
0003F8	3476	RETLW 118
0003F9	346E	RETLW 110
0003FA	341B	RETLW 27
0003FB	345F	RETLW 95
0003FC	347C	RETLW 124
0003FD	3458	RETLW 88
0003FE	345E	RETLW 94
0003FF	3479	RETLW 121
000400	3471	RETLW 113
000401	343D	RETLW 61
000402	3474	RETLW 116
000403	3404	RETLW 4
000404	340D	RETLW 13
000405	3475	RETLW 117
000406	3438	RETLW 56
000407	3455	RETLW 85
000408	3454	RETLW 84
000409	345C	RETLW 92
00040A	3473	RETLW 115
00040B	3467	RETLW 103
00040C	3450	RETLW 80
00040D	342D	RETLW 45
00040E	3478	RETLW 120
00040F	341C	RETLW 28
000410	342A	RETLW 42
000411	346A	RETLW 106
000412	3414	RETLW 20
000413	346E	RETLW 110
000414	341B	RETLW 27


		SYSCOMPEQUAL
000415	01F0	CLRF SYSBYTETEMPX
000416	0875	MOVF SYSBYTETEMPA, W
000417	0279	SUBWF SYSBYTETEMPB, W
000418	1903	BTFSC STATUS, Z
000419	09F0	COMF SYSBYTETEMPX,F
00041A	0008	RETURN


		SYSCOMPEQUAL16
00041B	01F0	CLRF SYSBYTETEMPX
00041C	0875	MOVF SYSWORDTEMPA, W
00041D	0279	SUBWF SYSWORDTEMPB, W
00041E	1D03	BTFSS STATUS, Z
00041F	0008	RETURN
000420	0876	MOVF SYSWORDTEMPA_H, W
000421	027A	SUBWF SYSWORDTEMPB_H, W
000422	1D03	BTFSS STATUS, Z
000423	0008	RETURN
000424	09F0	COMF SYSBYTETEMPX,F
000425	0008	RETURN


		SYSCOMPLESSTHAN
000426	01F0	CLRF SYSBYTETEMPX
000427	1403	BSF STATUS, C
000428	0879	MOVF SYSBYTETEMPB, W
000429	0275	SUBWF SYSBYTETEMPA, W
00042A	1C03	BTFSS STATUS, C
00042B	09F0	COMF SYSBYTETEMPX,F
00042C	0008	RETURN


		SYSCOMPLESSTHAN16
00042D	01F0	CLRF SYSBYTETEMPX
00042E	0876	MOVF SYSWORDTEMPA_H,W
00042F	027A	SUBWF SYSWORDTEMPB_H,W
000430	1C03	BTFSS STATUS,C
000431	0008	RETURN
000432	087A	MOVF SYSWORDTEMPB_H,W
000433	0276	SUBWF SYSWORDTEMPA_H,W
000434	1C03	BTFSS STATUS,C
000435	2C3A	GOTO SCLT16TRUE
000436	0879	MOVF SYSWORDTEMPB,W
000437	0275	SUBWF SYSWORDTEMPA,W
000438	1803	BTFSC STATUS,C
000439	0008	RETURN
		SCLT16TRUE
00043A	09F0	COMF SYSBYTETEMPX,F
00043B	0008	RETURN


		SYSCOMPLESSTHANINT
00043C	01F0	CLRF SYSBYTETEMPX
00043D	1FF6	BTFSS SYSINTEGERTEMPA_H,7
00043E	2C56	GOTO ELSE36_1
00043F	1BFA	BTFSC SYSINTEGERTEMPB_H,7
000440	2C43	GOTO ENDIF37
000441	09F0	COMF SYSBYTETEMPX,F
000442	0008	RETURN
		ENDIF37
000443	0975	COMF SYSINTEGERTEMPA,W
000444	00F7	MOVWF SYSDIVMULTA
000445	0976	COMF SYSINTEGERTEMPA_H,W
000446	00F8	MOVWF SYSDIVMULTA_H
000447	0AF7	INCF SYSDIVMULTA,F
000448	1903	BTFSC STATUS,Z
000449	0AF8	INCF SYSDIVMULTA_H,F
00044A	0979	COMF SYSINTEGERTEMPB,W
00044B	00F5	MOVWF SYSINTEGERTEMPA
00044C	097A	COMF SYSINTEGERTEMPB_H,W
00044D	00F6	MOVWF SYSINTEGERTEMPA_H
00044E	0AF5	INCF SYSINTEGERTEMPA,F
00044F	1903	BTFSC STATUS,Z
000450	0AF6	INCF SYSINTEGERTEMPA_H,F
000451	0877	MOVF SYSDIVMULTA,W
000452	00F9	MOVWF SYSINTEGERTEMPB
000453	0878	MOVF SYSDIVMULTA_H,W
000454	00FA	MOVWF SYSINTEGERTEMPB_H
000455	2C58	GOTO ENDIF36
		ELSE36_1
000456	1BFA	BTFSC SYSINTEGERTEMPB_H,7
000457	0008	RETURN
		ENDIF36
000458	0876	MOVF SYSINTEGERTEMPA_H,W
000459	027A	SUBWF SYSINTEGERTEMPB_H,W
00045A	1C03	BTFSS STATUS,C
00045B	0008	RETURN
00045C	087A	MOVF SYSINTEGERTEMPB_H,W
00045D	0276	SUBWF SYSINTEGERTEMPA_H,W
00045E	1C03	BTFSS STATUS,C
00045F	2C64	GOTO SCLTINTTRUE
000460	0879	MOVF SYSINTEGERTEMPB,W
000461	0275	SUBWF SYSINTEGERTEMPA,W
000462	1803	BTFSC STATUS,C
000463	0008	RETURN
		SCLTINTTRUE
000464	09F0	COMF SYSBYTETEMPX,F
000465	0008	RETURN


		SYSDIVSUB16
000466	0875	MOVF SYSWORDTEMPA,W
000467	00F7	MOVWF SYSDIVMULTA
000468	0876	MOVF SYSWORDTEMPA_H,W
000469	00F8	MOVWF SYSDIVMULTA_H
00046A	0879	MOVF SYSWORDTEMPB,W
00046B	00FB	MOVWF SYSDIVMULTB
00046C	087A	MOVF SYSWORDTEMPB_H,W
00046D	00FC	MOVWF SYSDIVMULTB_H
00046E	01F2	CLRF SYSDIVMULTX
00046F	01F3	CLRF SYSDIVMULTX_H
000470	087B	MOVF SYSDIVMULTB,W
000471	00F5	MOVWF SYSWORDTEMPA
000472	087C	MOVF SYSDIVMULTB_H,W
000473	00F6	MOVWF SYSWORDTEMPA_H
000474	01F9	CLRF SYSWORDTEMPB
000475	01FA	CLRF SYSWORDTEMPB_H
000476	241B	CALL SYSCOMPEQUAL16
000477	1C70	BTFSS SYSBYTETEMPX,0
000478	2C7C	GOTO ENDIF34
000479	01F5	CLRF SYSWORDTEMPA
00047A	01F6	CLRF SYSWORDTEMPA_H
00047B	0008	RETURN
		ENDIF34
00047C	3010	MOVLW 16
00047D	00F4	MOVWF SYSDIVLOOP
		SYSDIV16START
00047E	1003	BCF STATUS,C
00047F	0DF7	RLF SYSDIVMULTA,F
000480	0DF8	RLF SYSDIVMULTA_H,F
000481	0DF2	RLF SYSDIVMULTX,F
000482	0DF3	RLF SYSDIVMULTX_H,F
000483	087B	MOVF SYSDIVMULTB,W
000484	02F2	SUBWF SYSDIVMULTX,F
000485	087C	MOVF SYSDIVMULTB_H,W
000486	3BF3	SUBWFB SYSDIVMULTX_H,F
000487	1477	BSF SYSDIVMULTA,0
000488	1803	BTFSC STATUS,C
000489	2C8F	GOTO ENDIF35
00048A	1077	BCF SYSDIVMULTA,0
00048B	087B	MOVF SYSDIVMULTB,W
00048C	07F2	ADDWF SYSDIVMULTX,F
00048D	087C	MOVF SYSDIVMULTB_H,W
00048E	3DF3	ADDWFC SYSDIVMULTX_H,F
		ENDIF35
00048F	0BF4	DECFSZ SYSDIVLOOP, F
000490	2C7E	GOTO SYSDIV16START
000491	0877	MOVF SYSDIVMULTA,W
000492	00F5	MOVWF SYSWORDTEMPA
000493	0878	MOVF SYSDIVMULTA_H,W
000494	00F6	MOVWF SYSWORDTEMPA_H
000495	0872	MOVF SYSDIVMULTX,W
000496	00F0	MOVWF SYSWORDTEMPX
000497	0873	MOVF SYSDIVMULTX_H,W
000498	00F1	MOVWF SYSWORDTEMPX_H
000499	0008	RETURN


		SYSSTRINGTABLES
00049A	0878	MOVF SYSSTRINGA_H,W
00049B	008A	MOVWF PCLATH
00049C	0877	MOVF SYSSTRINGA,W
00049D	0AF7	INCF SYSSTRINGA,F
00049E	1903	BTFSC STATUS,Z
00049F	0AF8	INCF SYSSTRINGA_H,F
0004A0	0082	MOVWF PCL

		STRINGTABLE2
0004A1	3401	RETLW 1
0004A2	3447	RETLW 71


		STRINGTABLE3
0004A3	3401	RETLW 1
0004A4	3463	RETLW 99


		STRINGTABLE4
0004A5	3401	RETLW 1
0004A6	3462	RETLW 98


		STRINGTABLE5
0004A7	3401	RETLW 1
0004A8	3420	RETLW 32


		STRINGTABLE6
0004A9	3401	RETLW 1
0004AA	3464	RETLW 100


		STRINGTABLE7
0004AB	3401	RETLW 1
0004AC	3465	RETLW 101


		STRINGTABLE8
0004AD	3401	RETLW 1
0004AE	346D	RETLW 109


		STRINGTABLE9
0004AF	3401	RETLW 1
0004B0	346F	RETLW 111


		STRINGTABLE10
0004B1	3401	RETLW 1
0004B2	3443	RETLW 67


		STRINGTABLE11
0004B3	3401	RETLW 1
0004B4	3468	RETLW 104


		STRINGTABLE12
0004B5	3401	RETLW 1
0004B6	3461	RETLW 97


		STRINGTABLE13
0004B7	3401	RETLW 1
0004B8	3472	RETLW 114


		STRINGTABLE14
0004B9	3401	RETLW 1
0004BA	3453	RETLW 83


		STRINGTABLE15
0004BB	3401	RETLW 1
0004BC	3450	RETLW 80


		STRINGTABLE16
0004BD	3401	RETLW 1
0004BE	3445	RETLW 69


		STRINGTABLE17
0004BF	3401	RETLW 1
0004C0	3449	RETLW 73


		STRINGTABLE18
0004C1	3401	RETLW 1
0004C2	3441	RETLW 65


		STRINGTABLE19
0004C3	3401	RETLW 1
0004C4	344C	RETLW 76


		STRINGTABLE20
0004C5	3401	RETLW 1
0004C6	343F	RETLW 63


		STRINGTABLE21
0004C7	3401	RETLW 1
0004C8	342D	RETLW 45


		STRINGTABLE22
0004C9	3401	RETLW 1
0004CA	3429	RETLW 41


		STRINGTABLE23
0004CB	3401	RETLW 1
0004CC	3448	RETLW 72


		STRINGTABLE24
0004CD	3401	RETLW 1
0004CE	3478	RETLW 120


		STRINGTABLE25
0004CF	3401	RETLW 1
0004D0	3444	RETLW 68


		STRINGTABLE26
0004D1	3401	RETLW 1
0004D2	345A	RETLW 90


		STRINGTABLE27
0004D3	3401	RETLW 1
0004D4	3454	RETLW 84


		STRINGTABLE28
0004D5	3401	RETLW 1
0004D6	346C	RETLW 108


		STRINGTABLE29
0004D7	3401	RETLW 1
0004D8	346B	RETLW 107


		STRINGTABLE30
0004D9	3401	RETLW 1
0004DA	344F	RETLW 79


		STRINGTABLE31
0004DB	3401	RETLW 1
0004DC	3455	RETLW 85


		STRINGTABLE32
0004DD	3401	RETLW 1
0004DE	346E	RETLW 110



		TMDEC
0004DF	01C9	CLRF TMSVAL
0004E0	01C2	CLRF TMEVAL
0004E1	01C3	CLRF TMHVAL
0004E2	01C4	CLRF TMLVAL
0004E3	01B9	CLRF TM1638_COLON
0004E4	084A	MOVF TMVALUE,W
0004E5	00F5	MOVWF SYSWORDTEMPA
0004E6	084B	MOVF TMVALUE_H,W
0004E7	00F6	MOVWF SYSWORDTEMPA_H
0004E8	3010	MOVLW 16
0004E9	00F9	MOVWF SYSWORDTEMPB
0004EA	3027	MOVLW 39
0004EB	00FA	MOVWF SYSWORDTEMPB_H
0004EC	242D	CALL SYSCOMPLESSTHAN16
0004ED	09F0	COMF SYSBYTETEMPX,F
0004EE	1C70	BTFSS SYSBYTETEMPX,0
0004EF	2CF9	GOTO ENDIF21
0004F0	3011	MOVLW 17
0004F1	00C9	MOVWF TMSVAL
0004F2	3011	MOVLW 17
0004F3	00C2	MOVWF TMEVAL
0004F4	3011	MOVLW 17
0004F5	00C3	MOVWF TMHVAL
0004F6	3011	MOVLW 17
0004F7	00C4	MOVWF TMLVAL
0004F8	2D72	GOTO TMWORD1
		ENDIF21
		TMWORD1000
0004F9	084A	MOVF TMVALUE,W
0004FA	00F5	MOVWF SYSWORDTEMPA
0004FB	084B	MOVF TMVALUE_H,W
0004FC	00F6	MOVWF SYSWORDTEMPA_H
0004FD	30E8	MOVLW 232
0004FE	00F9	MOVWF SYSWORDTEMPB
0004FF	3003	MOVLW 3
000500	00FA	MOVWF SYSWORDTEMPB_H
000501	242D	CALL SYSCOMPLESSTHAN16
000502	09F0	COMF SYSBYTETEMPX,F
000503	1C70	BTFSS SYSBYTETEMPX,0
000504	2D0B	GOTO ENDIF22
000505	0AC9	INCF TMSVAL,F
000506	30E8	MOVLW 232
000507	02CA	SUBWF TMVALUE,F
000508	3003	MOVLW 3
000509	3BCB	SUBWFB TMVALUE_H,F
00050A	2CF9	GOTO TMWORD1000
		ENDIF22
		TMWORD100
00050B	084A	MOVF TMVALUE,W
00050C	00F5	MOVWF SYSWORDTEMPA
00050D	084B	MOVF TMVALUE_H,W
00050E	00F6	MOVWF SYSWORDTEMPA_H
00050F	3064	MOVLW 100
000510	00F9	MOVWF SYSWORDTEMPB
000511	01FA	CLRF SYSWORDTEMPB_H
000512	242D	CALL SYSCOMPLESSTHAN16
000513	09F0	COMF SYSBYTETEMPX,F
000514	1C70	BTFSS SYSBYTETEMPX,0
000515	2D1C	GOTO ENDIF23
000516	0AC2	INCF TMEVAL,F
000517	3064	MOVLW 100
000518	02CA	SUBWF TMVALUE,F
000519	3000	MOVLW 0
00051A	3BCB	SUBWFB TMVALUE_H,F
00051B	2D0B	GOTO TMWORD100
		ENDIF23
		TMWORD10
00051C	084A	MOVF TMVALUE,W
00051D	00F5	MOVWF SYSWORDTEMPA
00051E	084B	MOVF TMVALUE_H,W
00051F	00F6	MOVWF SYSWORDTEMPA_H
000520	300A	MOVLW 10
000521	00F9	MOVWF SYSWORDTEMPB
000522	01FA	CLRF SYSWORDTEMPB_H
000523	242D	CALL SYSCOMPLESSTHAN16
000524	09F0	COMF SYSBYTETEMPX,F
000525	1C70	BTFSS SYSBYTETEMPX,0
000526	2D2D	GOTO ENDIF24
000527	0AC3	INCF TMHVAL,F
000528	300A	MOVLW 10
000529	02CA	SUBWF TMVALUE,F
00052A	3000	MOVLW 0
00052B	3BCB	SUBWFB TMVALUE_H,F
00052C	2D1C	GOTO TMWORD10
		ENDIF24
00052D	084A	MOVF TMVALUE,W
00052E	00C4	MOVWF TMLVAL
00052F	083A	MOVF TM1638_ZERO,W
000530	3C03	SUBLW 3
000531	1C03	BTFSS STATUS, C
000532	01BA	CLRF TM1638_ZERO
000533	083A	MOVF TM1638_ZERO,W
000534	00F5	MOVWF SYSBYTETEMPA
000535	01F9	CLRF SYSBYTETEMPB
000536	2415	CALL SYSCOMPEQUAL
000537	0870	MOVF SYSBYTETEMPX,W
000538	00B5	MOVWF SYSTEMP1
000539	083A	MOVF TM1638_ZERO,W
00053A	00F5	MOVWF SYSBYTETEMPA
00053B	3002	MOVLW 2
00053C	00F9	MOVWF SYSBYTETEMPB
00053D	2415	CALL SYSCOMPEQUAL
00053E	0835	MOVF SYSTEMP1,W
00053F	0470	IORWF SYSBYTETEMPX,W
000540	00B8	MOVWF SYSTEMP3
000541	1C38	BTFSS SYSTEMP3,0
000542	2D6C	GOTO ENDIF26
000543	08C9	MOVF TMSVAL,F
000544	1D03	BTFSS STATUS, Z
000545	2D48	GOTO ENDIF28
000546	3010	MOVLW 16
000547	00C9	MOVWF TMSVAL
		ENDIF28
000548	0849	MOVF TMSVAL,W
000549	00F5	MOVWF SYSBYTETEMPA
00054A	3010	MOVLW 16
00054B	00F9	MOVWF SYSBYTETEMPB
00054C	2415	CALL SYSCOMPEQUAL
00054D	0870	MOVF SYSBYTETEMPX,W
00054E	00B5	MOVWF SYSTEMP1
00054F	0842	MOVF TMEVAL,W
000550	00F5	MOVWF SYSBYTETEMPA
000551	01F9	CLRF SYSBYTETEMPB
000552	2415	CALL SYSCOMPEQUAL
000553	0835	MOVF SYSTEMP1,W
000554	0570	ANDWF SYSBYTETEMPX,W
000555	00B8	MOVWF SYSTEMP3
000556	1C38	BTFSS SYSTEMP3,0
000557	2D5A	GOTO ENDIF29
000558	3010	MOVLW 16
000559	00C2	MOVWF TMEVAL
		ENDIF29
00055A	0842	MOVF TMEVAL,W
00055B	00F5	MOVWF SYSBYTETEMPA
00055C	3010	MOVLW 16
00055D	00F9	MOVWF SYSBYTETEMPB
00055E	2415	CALL SYSCOMPEQUAL
00055F	0870	MOVF SYSBYTETEMPX,W
000560	00B5	MOVWF SYSTEMP1
000561	0843	MOVF TMHVAL,W
000562	00F5	MOVWF SYSBYTETEMPA
000563	01F9	CLRF SYSBYTETEMPB
000564	2415	CALL SYSCOMPEQUAL
000565	0835	MOVF SYSTEMP1,W
000566	0570	ANDWF SYSBYTETEMPX,W
000567	00B8	MOVWF SYSTEMP3
000568	1C38	BTFSS SYSTEMP3,0
000569	2D6C	GOTO ENDIF30
00056A	3010	MOVLW 16
00056B	00C3	MOVWF TMHVAL
		ENDIF30
		ENDIF26
00056C	083A	MOVF TM1638_ZERO,W
00056D	3C01	SUBLW 1
00056E	1803	BTFSC STATUS, C
00056F	2D72	GOTO ENDIF27
000570	3001	MOVLW 1
000571	00B9	MOVWF TM1638_COLON
		ENDIF27
		TMWORD1
000572	0849	MOVF TMSVAL,W
000573	00BE	MOVWF TMDIG1
000574	0842	MOVF TMEVAL,W
000575	00BF	MOVWF TMDIG2
000576	0843	MOVF TMHVAL,W
000577	00C0	MOVWF TMDIG3
000578	0844	MOVF TMLVAL,W
000579	00C1	MOVWF TMDIG4
00057A	083D	MOVF TMCHAR_BRIGHT,W
00057B	00A1	MOVWF BRIGHT
00057C	0839	MOVF TM1638_COLON,W
00057D	00A3	MOVWF COLONON
00057E	2E19	GOTO WRITE4DIG


		TMHEX
00057F	01C9	CLRF TMSVAL
000580	01C2	CLRF TMEVAL
000581	01C3	CLRF TMHVAL
000582	01C4	CLRF TMLVAL
000583	084A	MOVF TMVALUE,W
000584	00F5	MOVWF SYSWORDTEMPA
000585	084B	MOVF TMVALUE_H,W
000586	00F6	MOVWF SYSWORDTEMPA_H
000587	01F9	CLRF SYSWORDTEMPB
000588	3010	MOVLW 16
000589	00FA	MOVWF SYSWORDTEMPB_H
00058A	242D	CALL SYSCOMPLESSTHAN16
00058B	09F0	COMF SYSBYTETEMPX,F
00058C	1C70	BTFSS SYSBYTETEMPX,0
00058D	2DA4	GOTO ENDIF31
00058E	084A	MOVF TMVALUE,W
00058F	00F5	MOVWF SYSWORDTEMPA
000590	084B	MOVF TMVALUE_H,W
000591	00F6	MOVWF SYSWORDTEMPA_H
000592	01F9	CLRF SYSWORDTEMPB
000593	3010	MOVLW 16
000594	00FA	MOVWF SYSWORDTEMPB_H
000595	2466	CALL SYSDIVSUB16
000596	0875	MOVF SYSWORDTEMPA,W
000597	00C9	MOVWF TMSVAL
000598	084A	MOVF TMVALUE,W
000599	00F5	MOVWF SYSWORDTEMPA
00059A	084B	MOVF TMVALUE_H,W
00059B	00F6	MOVWF SYSWORDTEMPA_H
00059C	01F9	CLRF SYSWORDTEMPB
00059D	3010	MOVLW 16
00059E	00FA	MOVWF SYSWORDTEMPB_H
00059F	2466	CALL SYSDIVSUB16
0005A0	0870	MOVF SYSWORDTEMPX,W
0005A1	00CA	MOVWF TMVALUE
0005A2	0871	MOVF SYSWORDTEMPX_H,W
0005A3	00CB	MOVWF TMVALUE_H
		ENDIF31
0005A4	084A	MOVF TMVALUE,W
0005A5	00F5	MOVWF SYSWORDTEMPA
0005A6	084B	MOVF TMVALUE_H,W
0005A7	00F6	MOVWF SYSWORDTEMPA_H
0005A8	01F9	CLRF SYSWORDTEMPB
0005A9	3001	MOVLW 1
0005AA	00FA	MOVWF SYSWORDTEMPB_H
0005AB	242D	CALL SYSCOMPLESSTHAN16
0005AC	09F0	COMF SYSBYTETEMPX,F
0005AD	1C70	BTFSS SYSBYTETEMPX,0
0005AE	2DC5	GOTO ENDIF32
0005AF	084A	MOVF TMVALUE,W
0005B0	00F5	MOVWF SYSWORDTEMPA
0005B1	084B	MOVF TMVALUE_H,W
0005B2	00F6	MOVWF SYSWORDTEMPA_H
0005B3	01F9	CLRF SYSWORDTEMPB
0005B4	3001	MOVLW 1
0005B5	00FA	MOVWF SYSWORDTEMPB_H
0005B6	2466	CALL SYSDIVSUB16
0005B7	0875	MOVF SYSWORDTEMPA,W
0005B8	00C2	MOVWF TMEVAL
0005B9	084A	MOVF TMVALUE,W
0005BA	00F5	MOVWF SYSWORDTEMPA
0005BB	084B	MOVF TMVALUE_H,W
0005BC	00F6	MOVWF SYSWORDTEMPA_H
0005BD	01F9	CLRF SYSWORDTEMPB
0005BE	3001	MOVLW 1
0005BF	00FA	MOVWF SYSWORDTEMPB_H
0005C0	2466	CALL SYSDIVSUB16
0005C1	0870	MOVF SYSWORDTEMPX,W
0005C2	00CA	MOVWF TMVALUE
0005C3	0871	MOVF SYSWORDTEMPX_H,W
0005C4	00CB	MOVWF TMVALUE_H
		ENDIF32
0005C5	084A	MOVF TMVALUE,W
0005C6	00F5	MOVWF SYSWORDTEMPA
0005C7	084B	MOVF TMVALUE_H,W
0005C8	00F6	MOVWF SYSWORDTEMPA_H
0005C9	3010	MOVLW 16
0005CA	00F9	MOVWF SYSWORDTEMPB
0005CB	01FA	CLRF SYSWORDTEMPB_H
0005CC	242D	CALL SYSCOMPLESSTHAN16
0005CD	09F0	COMF SYSBYTETEMPX,F
0005CE	1C70	BTFSS SYSBYTETEMPX,0
0005CF	2DE4	GOTO ENDIF33
0005D0	084A	MOVF TMVALUE,W
0005D1	00F5	MOVWF SYSWORDTEMPA
0005D2	084B	MOVF TMVALUE_H,W
0005D3	00F6	MOVWF SYSWORDTEMPA_H
0005D4	3010	MOVLW 16
0005D5	00F9	MOVWF SYSWORDTEMPB
0005D6	01FA	CLRF SYSWORDTEMPB_H
0005D7	2466	CALL SYSDIVSUB16
0005D8	0875	MOVF SYSWORDTEMPA,W
0005D9	00C3	MOVWF TMHVAL
0005DA	084A	MOVF TMVALUE,W
0005DB	00F5	MOVWF SYSWORDTEMPA
0005DC	084B	MOVF TMVALUE_H,W
0005DD	00F6	MOVWF SYSWORDTEMPA_H
0005DE	3010	MOVLW 16
0005DF	00F9	MOVWF SYSWORDTEMPB
0005E0	01FA	CLRF SYSWORDTEMPB_H
0005E1	2466	CALL SYSDIVSUB16
0005E2	0870	MOVF SYSWORDTEMPX,W
0005E3	00C4	MOVWF TMLVAL
		ENDIF33
0005E4	0849	MOVF TMSVAL,W
0005E5	00BE	MOVWF TMDIG1
0005E6	0842	MOVF TMEVAL,W
0005E7	00BF	MOVWF TMDIG2
0005E8	0843	MOVF TMHVAL,W
0005E9	00C0	MOVWF TMDIG3
0005EA	0844	MOVF TMLVAL,W
0005EB	00C1	MOVWF TMDIG4
0005EC	083D	MOVF TMCHAR_BRIGHT,W
0005ED	00A1	MOVWF BRIGHT
0005EE	01A3	CLRF COLONON
0005EF	2E19	GOTO WRITE4DIG


		TM_DISPLAY7SEG
0005F0	3044	MOVLW 68
0005F1	00CC	MOVWF VALUE
0005F2	237C	CALL SENDCOMMAND
000000	0022	BANKSEL LATC
0005F4	110E	BCF LATC,2
0005F5	1003	BCF STATUS,C
000000	0020	BANKSEL TMADDR
0005F7	0D3B	RLF TMADDR,W
0005F8	00B5	MOVWF SYSTEMP1
0005F9	30C0	MOVLW 192
0005FA	0735	ADDWF SYSTEMP1,W
0005FB	00A4	MOVWF DATA
0005FC	2388	CALL SENDDATA
0005FD	0845	MOVF TMSEG1,W
0005FE	00A4	MOVWF DATA
0005FF	2388	CALL SENDDATA
000600	0824	MOVF DATA,W
000601	00C5	MOVWF TMSEG1
000000	0022	BANKSEL LATC
000603	150E	BSF LATC,2
000000	0020	BANKSEL STATUS
000605	0008	RETURN


		TM_RESET
000606	3040	MOVLW 64
000607	00CC	MOVWF VALUE
000608	237C	CALL SENDCOMMAND
000000	0022	BANKSEL LATC
00060A	110E	BCF LATC,2
00060B	30C0	MOVLW 192
000000	0020	BANKSEL DATA
00060D	00A4	MOVWF DATA
00060E	2388	CALL SENDDATA
00060F	3010	MOVLW 16
000610	00B3	MOVWF SYSREPEATTEMP3
		SYSREPEATLOOP3
000611	01A4	CLRF DATA
000612	2388	CALL SENDDATA
000613	0BB3	DECFSZ SYSREPEATTEMP3,F
000614	2E11	GOTO SYSREPEATLOOP3
		SYSREPEATLOOPEND3
000000	0022	BANKSEL LATC
000616	150E	BSF LATC,2
000000	0020	BANKSEL STATUS
000618	0008	RETURN


		WRITE4DIG
000619	0A3E	INCF TMDIG1,W
00061A	00F7	MOVWF SYSSTRINGA
00061B	23B0	CALL SEVENSEGDISPDIGIT
00061C	00C5	MOVWF TMSEG1
00061D	0A3F	INCF TMDIG2,W
00061E	00F7	MOVWF SYSSTRINGA
00061F	23B0	CALL SEVENSEGDISPDIGIT
000620	00C6	MOVWF TMSEG2
000621	0A40	INCF TMDIG3,W
000622	00F7	MOVWF SYSSTRINGA
000623	23B0	CALL SEVENSEGDISPDIGIT
000624	00C7	MOVWF TMSEG3
000625	0A41	INCF TMDIG4,W
000626	00F7	MOVWF SYSSTRINGA
000627	23B0	CALL SEVENSEGDISPDIGIT
000628	00C8	MOVWF TMSEG4
000629	0323	DECF COLONON,W
00062A	1D03	BTFSS STATUS, Z
00062B	2E2E	GOTO ENDIF10
00062C	3080	MOVLW 128
00062D	04C6	IORWF TMSEG2,F
		ENDIF10
00062E	3044	MOVLW 68
00062F	00CC	MOVWF VALUE
000630	237C	CALL SENDCOMMAND
000631	0821	MOVF BRIGHT,W
000632	00BD	MOVWF TMCHAR_BRIGHT
000633	3007	MOVLW 7
000634	0521	ANDWF BRIGHT,W
000635	00B5	MOVWF SYSTEMP1
000636	3088	MOVLW 136
000637	0735	ADDWF SYSTEMP1,W
000638	00CC	MOVWF VALUE
000639	237C	CALL SENDCOMMAND
00063A	01BB	CLRF TMADDR
00063B	25F0	CALL TM_DISPLAY7SEG
00063C	3001	MOVLW 1
00063D	00BB	MOVWF TMADDR
00063E	0846	MOVF TMSEG2,W
00063F	00C5	MOVWF TMSEG1
000640	25F0	CALL TM_DISPLAY7SEG
000641	0845	MOVF TMSEG1,W
000642	00C6	MOVWF TMSEG2
000643	3002	MOVLW 2
000644	00BB	MOVWF TMADDR
000645	0847	MOVF TMSEG3,W
000646	00C5	MOVWF TMSEG1
000647	25F0	CALL TM_DISPLAY7SEG
000648	0845	MOVF TMSEG1,W
000649	00C7	MOVWF TMSEG3
00064A	3003	MOVLW 3
00064B	00BB	MOVWF TMADDR
00064C	0848	MOVF TMSEG4,W
00064D	00C5	MOVWF TMSEG1
00064E	25F0	CALL TM_DISPLAY7SEG
00064F	0845	MOVF TMSEG1,W
000650	00C8	MOVWF TMSEG4
000651	0008	RETURN


		WRITECHAR
000652	083D	MOVF TMCHAR_BRIGHT,W
000653	3C0F	SUBLW 15
000654	1803	BTFSC STATUS, C
000655	2E58	GOTO ENDIF11
000656	300F	MOVLW 15
000657	00BD	MOVWF TMCHAR_BRIGHT
		ENDIF11
000658	3007	MOVLW 7
000659	053D	ANDWF TMCHAR_BRIGHT,W
00065A	00B5	MOVWF SYSTEMP1
00065B	3088	MOVLW 136
00065C	0735	ADDWF SYSTEMP1,W
00065D	00CC	MOVWF VALUE
00065E	237C	CALL SENDCOMMAND
00065F	3020	MOVLW 32
000660	023C	SUBWF TMCHAR,W
000661	1D03	BTFSS STATUS, Z
000662	2E65	GOTO ENDIF12
000663	01C5	CLRF TMSEG1
000664	2EAD	GOTO SHOWCHAR
		ENDIF12
000665	302D	MOVLW 45
000666	023C	SUBWF TMCHAR,W
000667	1D03	BTFSS STATUS, Z
000668	2E6C	GOTO ENDIF13
000669	3040	MOVLW 64
00066A	00C5	MOVWF TMSEG1
00066B	2EAD	GOTO SHOWCHAR
		ENDIF13
00066C	3029	MOVLW 41
00066D	023C	SUBWF TMCHAR,W
00066E	1D03	BTFSS STATUS, Z
00066F	2E73	GOTO ENDIF14
000670	300F	MOVLW 15
000671	00C5	MOVWF TMSEG1
000672	2EAD	GOTO SHOWCHAR
		ENDIF14
000673	30B0	MOVLW 176
000674	023C	SUBWF TMCHAR,W
000675	1D03	BTFSS STATUS, Z
000676	2E7A	GOTO ENDIF15
000677	3063	MOVLW 99
000678	00C5	MOVWF TMSEG1
000679	2EAD	GOTO SHOWCHAR
		ENDIF15
00067A	303F	MOVLW 63
00067B	023C	SUBWF TMCHAR,W
00067C	1D03	BTFSS STATUS, Z
00067D	2E81	GOTO ENDIF16
00067E	3053	MOVLW 83
00067F	00C5	MOVWF TMSEG1
000680	2EAD	GOTO SHOWCHAR
		ENDIF16
000681	083C	MOVF TMCHAR,W
000682	00F5	MOVWF SYSBYTETEMPA
000683	3030	MOVLW 48
000684	00F9	MOVWF SYSBYTETEMPB
000685	2426	CALL SYSCOMPLESSTHAN
000686	09F0	COMF SYSBYTETEMPX,F
000687	0870	MOVF SYSBYTETEMPX,W
000688	00B5	MOVWF SYSTEMP1
000689	083C	MOVF TMCHAR,W
00068A	00F9	MOVWF SYSBYTETEMPB
00068B	3039	MOVLW 57
00068C	00F5	MOVWF SYSBYTETEMPA
00068D	2426	CALL SYSCOMPLESSTHAN
00068E	09F0	COMF SYSBYTETEMPX,F
00068F	0835	MOVF SYSTEMP1,W
000690	0570	ANDWF SYSBYTETEMPX,W
000691	00B8	MOVWF SYSTEMP3
000692	1C38	BTFSS SYSTEMP3,0
000693	2E9A	GOTO ENDIF17
000694	302F	MOVLW 47
000695	023C	SUBWF TMCHAR,W
000696	00F7	MOVWF SYSSTRINGA
000697	23B0	CALL SEVENSEGDISPDIGIT
000698	00C5	MOVWF TMSEG1
000699	2EAD	GOTO SHOWCHAR
		ENDIF17
00069A	3041	MOVLW 65
00069B	023C	SUBWF TMCHAR,W
00069C	1C03	BTFSS STATUS, C
00069D	0008	RETURN
00069E	083C	MOVF TMCHAR,W
00069F	3C60	SUBLW 96
0006A0	1803	BTFSC STATUS, C
0006A1	2EA4	GOTO ENDIF19
0006A2	3006	MOVLW 6
0006A3	02BC	SUBWF TMCHAR,F
		ENDIF19
0006A4	083C	MOVF TMCHAR,W
0006A5	3C74	SUBLW 116
0006A6	1C03	BTFSS STATUS, C
0006A7	0008	RETURN
0006A8	3040	MOVLW 64
0006A9	023C	SUBWF TMCHAR,W
0006AA	00F7	MOVWF SYSSTRINGA
0006AB	23D3	CALL SEVENSEGDISPLETTER
0006AC	00C5	MOVWF TMSEG1
		SHOWCHAR
0006AD	2DF0	GOTO TM_DISPLAY7SEG





