GCASM List File (GCBASIC 2025.02.06 (Windows 64 bit) : Build 1462)

Symbols:
A 	EQU 	0
ACCESS 	EQU 	0
ACKSTAT 	EQU 	32
ADCON0 	EQU 	31
ADCON0_GO_DONE 	EQU 	2
ADCON1 	EQU 	159
ADCS0 	EQU 	6
ADCS1 	EQU 	7
ADIE 	EQU 	6
ADIF 	EQU 	6
ADON 	EQU 	0
ADRES 	EQU 	30
B 	EQU 	1
BANKED 	EQU 	1
BASPROGRAMEND 	EQU 	241
BASPROGRAMSTART 	EQU 	5
BF 	EQU 	0
BRGH 	EQU 	2
C 	EQU 	0
CCP1CON 	EQU 	23
CCP1IE 	EQU 	2
CCP1IF 	EQU 	2
CCP1M0 	EQU 	0
CCP1M1 	EQU 	1
CCP1M2 	EQU 	2
CCP1M3 	EQU 	3
CCP1X 	EQU 	5
CCP1Y 	EQU 	4
CCP2CON 	EQU 	29
CCP2IE 	EQU 	0
CCP2IF 	EQU 	0
CCP2M0 	EQU 	0
CCP2M1 	EQU 	1
CCP2M2 	EQU 	2
CCP2M3 	EQU 	3
CCP2X 	EQU 	5
CCP2Y 	EQU 	4
CCPR1 	EQU 	21
CCPR1H 	EQU 	22
CCPR1L 	EQU 	21
CCPR2 	EQU 	27
CCPR2H 	EQU 	28
CCPR2L 	EQU 	27
CHS0 	EQU 	3
CHS1 	EQU 	4
CHS2 	EQU 	5
CKE 	EQU 	6
CKP 	EQU 	4
COMPORT 	EQU 	33
CREN 	EQU 	4
CSRC 	EQU 	7
D 	EQU 	5
DATA_ADDRESS 	EQU 	5
DC 	EQU 	1
DELAYTEMP 	EQU 	112
DELAYTEMP2 	EQU 	113
DELAYUS1 	EQU 	361
DELAY_MS 	EQU 	243
DELAY_S 	EQU 	257
DEVICEID 	EQU 	34
DISPLAYNEWLINE 	EQU 	35
DIV8NOTNEG 	EQU 	473
DMS_INNER 	EQU 	248
DMS_OUTER 	EQU 	246
DMS_START 	EQU 	244
DS_START 	EQU 	257
D_A 	EQU 	5
D_NOT_A 	EQU 	5
ELSE15_1 	EQU 	332
ELSE16_1 	EQU 	344
ELSE17_1 	EQU 	315
ELSE3_1 	EQU 	192
ENDIF12 	EQU 	286
ENDIF13 	EQU 	295
ENDIF14 	EQU 	303
ENDIF15 	EQU 	336
ENDIF16 	EQU 	348
ENDIF17 	EQU 	316
ENDIF18 	EQU 	322
ENDIF2 	EQU 	155
ENDIF21 	EQU 	365
ENDIF22 	EQU 	364
ENDIF3 	EQU 	208
ENDIF5 	EQU 	155
ENDIF6 	EQU 	561
ENDIF8 	EQU 	583
ENDIF9 	EQU 	395
F 	EQU 	1
FERR 	EQU 	2
FN__HEXPICAS 	EQU 	547
FSR 	EQU 	4
GIE 	EQU 	7
GO 	EQU 	2
GO_DONE 	EQU 	2
GO_NOT_DONE 	EQU 	2
HI2CACKPOLLSTATE 	EQU 	36
HI2CCURRENTMODE 	EQU 	37
HI2CINIT 	EQU 	265
HI2CMODE 	EQU 	267
HI2CSEND 	EQU 	305
HI2CSTART 	EQU 	327
HI2CSTOP 	EQU 	339
HI2CWAITMSSP 	EQU 	351
HI2CWAITMSSPTIMEOUT 	EQU 	38
HI2CWAITMSSPWAIT 	EQU 	352
HSERPRINT356 	EQU 	366
HSERPRINTCRLF 	EQU 	396
HSERPRINTCRLFCOUNT 	EQU 	39
HSERSEND343 	EQU 	409
HSERSEND344 	EQU 	420
HSERSENDUSART1HANDLER 	EQU 	420
I2CBYTE 	EQU 	40
I2C_DATA 	EQU 	5
I2C_READ 	EQU 	2
I2C_START 	EQU 	3
I2C_STOP 	EQU 	4
INDF 	EQU 	0
INITSYS 	EQU 	431
INITUSART 	EQU 	443
INTCON 	EQU 	11
INTE 	EQU 	4
INTEDG 	EQU 	6
INTF 	EQU 	1
IRP 	EQU 	7
NOT_A 	EQU 	5
NOT_ADDRESS 	EQU 	5
NOT_BO 	EQU 	0
NOT_BOR 	EQU 	0
NOT_DONE 	EQU 	2
NOT_PD 	EQU 	3
NOT_POR 	EQU 	1
NOT_RBPU 	EQU 	7
NOT_RC8 	EQU 	6
NOT_T1SYNC 	EQU 	2
NOT_TO 	EQU 	4
NOT_TX8 	EQU 	6
NOT_W 	EQU 	2
NOT_WRITE 	EQU 	2
OERR 	EQU 	1
OPTION_REG 	EQU 	129
P 	EQU 	4
PCFG0 	EQU 	0
PCFG1 	EQU 	1
PCFG2 	EQU 	2
PCL 	EQU 	2
PCLATH 	EQU 	10
PCON 	EQU 	142
PEIE 	EQU 	6
PIE1 	EQU 	140
PIE2 	EQU 	141
PIR1 	EQU 	12
PIR2 	EQU 	13
PMADR 	EQU 	269
PMADRH 	EQU 	271
PMCON1 	EQU 	396
PMDATA 	EQU 	268
PMDATH 	EQU 	270
PORTA 	EQU 	5
PORTB 	EQU 	6
PORTC 	EQU 	7
PR2 	EQU 	146
PRINTLEN 	EQU 	41
PS0 	EQU 	0
PS1 	EQU 	1
PS2 	EQU 	2
PSA 	EQU 	3
R 	EQU 	2
RA0 	EQU 	0
RA1 	EQU 	1
RA2 	EQU 	2
RA3 	EQU 	3
RA4 	EQU 	4
RA5 	EQU 	5
RB0 	EQU 	0
RB1 	EQU 	1
RB2 	EQU 	2
RB3 	EQU 	3
RB4 	EQU 	4
RB5 	EQU 	5
RB6 	EQU 	6
RB7 	EQU 	7
RBIE 	EQU 	3
RBIF 	EQU 	0
RC0 	EQU 	0
RC1 	EQU 	1
RC2 	EQU 	2
RC3 	EQU 	3
RC4 	EQU 	4
RC5 	EQU 	5
RC6 	EQU 	6
RC7 	EQU 	7
RC8_9 	EQU 	6
RC9 	EQU 	6
RCD8 	EQU 	0
RCIE 	EQU 	5
RCIF 	EQU 	5
RCREG 	EQU 	26
RCSTA 	EQU 	24
RD 	EQU 	0
READ_WRITE 	EQU 	2
RETRYHI2CSEND 	EQU 	305
RP0 	EQU 	5
RP1 	EQU 	6
RX9 	EQU 	6
RX9D 	EQU 	0
R_NOT_W 	EQU 	2
R_W 	EQU 	2
S 	EQU 	3
SERDATA 	EQU 	42
SMP 	EQU 	7
SPBRG 	EQU 	153
SPEN 	EQU 	7
SREN 	EQU 	5
SSPADD 	EQU 	147
SSPBUF 	EQU 	19
SSPCON 	EQU 	20
SSPEN 	EQU 	5
SSPIE 	EQU 	3
SSPIF 	EQU 	3
SSPM0 	EQU 	0
SSPM1 	EQU 	1
SSPM2 	EQU 	2
SSPM3 	EQU 	3
SSPOV 	EQU 	6
SSPSTAT 	EQU 	148
STATUS 	EQU 	3
STRINGPOINTER 	EQU 	43
STRINGTABLE1 	EQU 	511
STRINGTABLE2 	EQU 	524
STRINGTABLE3 	EQU 	528
STRINGTABLE4 	EQU 	530
STRINGTABLE5 	EQU 	533
SYNC 	EQU 	4
SYSBYTETEMPA 	EQU 	117
SYSBYTETEMPB 	EQU 	121
SYSBYTETEMPX 	EQU 	112
SYSCALCTEMPA 	EQU 	117
SYSDIV8START 	EQU 	462
SYSDIVLOOP 	EQU 	116
SYSDIVSUB 	EQU 	456
SYSDOLOOP_E1 	EQU 	241
SYSDOLOOP_S1 	EQU 	27
SYSFORLOOP1 	EQU 	76
SYSFORLOOP2 	EQU 	109
SYSFORLOOP3 	EQU 	569
SYSFORLOOP4 	EQU 	381
SYSFORLOOPEND1 	EQU 	107
SYSFORLOOPEND2 	EQU 	212
SYSFORLOOPEND3 	EQU 	575
SYSFORLOOPEND4 	EQU 	395
SYSPRINTDATAHANDLER 	EQU 	44
SYSPRINTDATAHANDLER_H 	EQU 	45
SYSPRINTTEMP 	EQU 	46
SYSREADSTRING 	EQU 	476
SYSREADSTRINGPART 	EQU 	486
SYSREPEATLOOP1 	EQU 	400
SYSREPEATLOOPEND1 	EQU 	408
SYSREPEATTEMP1 	EQU 	47
SYSSTRINGA 	EQU 	119
SYSSTRINGA_H 	EQU 	120
SYSSTRINGB 	EQU 	114
SYSSTRINGB_H 	EQU 	115
SYSSTRINGLENGTH 	EQU 	118
SYSSTRINGPARAM1 	EQU 	482
SYSSTRINGREAD 	EQU 	498
SYSSTRINGREADCHECK 	EQU 	495
SYSSTRINGTABLES 	EQU 	504
SYSSTRINGTEMP 	EQU 	48
SYSTEMP1 	EQU 	49
SYSVALTEMP 	EQU 	50
SYSWAITLOOP1 	EQU 	238
SYSWAITLOOP2 	EQU 	409
SYSWAITLOOP3 	EQU 	411
SYSWAITLOOP4 	EQU 	332
SYSWAITLOOP5 	EQU 	344
SYSWAITLOOP6 	EQU 	420
SYSWAITLOOP7 	EQU 	422
SYSWAITTEMPMS 	EQU 	114
SYSWAITTEMPMS_H 	EQU 	115
SYSWAITTEMPS 	EQU 	116
SYSWAITTEMPUS 	EQU 	117
SYSWAITTEMPUS_H 	EQU 	118
SYS_HEXPICAS_0 	EQU 	478
SYS_HEXPICAS_1 	EQU 	479
SYS_HEXPICAS_2 	EQU 	480
T0CS 	EQU 	5
T0IE 	EQU 	5
T0IF 	EQU 	2
T0SE 	EQU 	4
T1CKPS0 	EQU 	4
T1CKPS1 	EQU 	5
T1CON 	EQU 	16
T1INSYNC 	EQU 	2
T1OSCEN 	EQU 	3
T2CKPS0 	EQU 	0
T2CKPS1 	EQU 	1
T2CON 	EQU 	18
TMR0 	EQU 	1
TMR0IE 	EQU 	5
TMR0IF 	EQU 	2
TMR1 	EQU 	14
TMR1CS 	EQU 	1
TMR1H 	EQU 	15
TMR1IE 	EQU 	0
TMR1IF 	EQU 	0
TMR1L 	EQU 	14
TMR1ON 	EQU 	0
TMR2 	EQU 	17
TMR2IE 	EQU 	1
TMR2IF 	EQU 	1
TMR2ON 	EQU 	2
TOUTPS0 	EQU 	3
TOUTPS1 	EQU 	4
TOUTPS2 	EQU 	5
TOUTPS3 	EQU 	6
TRISA 	EQU 	133
TRISA0 	EQU 	0
TRISA1 	EQU 	1
TRISA2 	EQU 	2
TRISA3 	EQU 	3
TRISA4 	EQU 	4
TRISA5 	EQU 	5
TRISB 	EQU 	134
TRISB0 	EQU 	0
TRISB1 	EQU 	1
TRISB2 	EQU 	2
TRISB3 	EQU 	3
TRISB4 	EQU 	4
TRISB5 	EQU 	5
TRISB6 	EQU 	6
TRISB7 	EQU 	7
TRISC 	EQU 	135
TRISC0 	EQU 	0
TRISC1 	EQU 	1
TRISC2 	EQU 	2
TRISC3 	EQU 	3
TRISC4 	EQU 	4
TRISC5 	EQU 	5
TRISC6 	EQU 	6
TRISC7 	EQU 	7
TRMT 	EQU 	1
TX8_9 	EQU 	6
TX9 	EQU 	6
TX9D 	EQU 	0
TXD8 	EQU 	0
TXEN 	EQU 	5
TXIE 	EQU 	4
TXIF 	EQU 	4
TXREG 	EQU 	25
TXSTA 	EQU 	152
UA 	EQU 	1
W 	EQU 	0
WCOL 	EQU 	7
Z 	EQU 	2
_HEXPICAS 	EQU 	478

Code:
Loc	Obj Code	Original Assembly










































	F	 01 00BB BFFF FFFF	10
	B	 01 00BB B000 1010	3
000000	118A	PAGESEL BASPROGRAMSTART
	F	 01 00BB BFFF FFFF	10
	B	 01 00BB B000 1010	4
000000	118A 120A	PAGESEL BASPROGRAMSTART
	K	 10 1KKK KKKK KKKK	5
000002	2805	GOTO BASPROGRAMSTART

000004	0009	RETFIE



		BASPROGRAMSTART
	K	 10 0KKK KKKK KKKK	431
000005	21AF	CALL INITSYS
	K	 10 0KKK KKKK KKKK	443
000006	21BB	CALL INITUSART
	K	 10 0KKK KKKK KKKK	265
000007	2109	CALL HI2CINIT

	F	 01 01BB BFFF FFFF	3
	B	 01 01BB B000 0011	5
000000	1683	BANKSEL TRISB
	F	 01 00BB BFFF FFFF	3
	B	 01 00BB B000 0011	6
000000	1683 1303	BANKSEL TRISB
	F	 01 00BB BFFF FFFF	134
	B	 01 00BB B000 0110	0
00000A	1006	BCF TRISB,0
	F	 01 00BB BFFF FFFF	134
	B	 01 00BB B000 0110	1
00000B	1086	BCF TRISB,1
	F	 01 00BB BFFF FFFF	134
	B	 01 00BB B000 0110	2
00000C	1106	BCF TRISB,2
	F	 01 00BB BFFF FFFF	134
	B	 01 00BB B000 0110	3
00000D	1186	BCF TRISB,3
	F	 01 01BB BFFF FFFF	133
	B	 01 01BB B000 0101	0
00000E	1405	BSF TRISA,0
	F	 01 01BB BFFF FFFF	133
	B	 01 01BB B000 0101	4
00000F	1605	BSF TRISA,4
	K	 11 00XX KKKK KKKK	12
000010	300C	MOVLW 12
	F	 01 00BB BFFF FFFF	3
	B	 01 00BB B000 0011	5
000000	1283	BANKSEL HI2CCURRENTMODE
	F	 01 00BB BFFF FFFF	3
	B	 01 00BB B000 0011	6
000000	1283 1303	BANKSEL HI2CCURRENTMODE
	F	 00 0000 1FFF FFFF	37
000013	00A5	MOVWF HI2CCURRENTMODE
	K	 10 0KKK KKKK KKKK	267
000014	210B	CALL HI2CMODE
	K	 11 00XX KKKK KKKK	1
000015	3001	MOVLW 1
	F	 00 0000 1FFF FFFF	116
000016	00F4	MOVWF SYSWAITTEMPS
	K	 10 0KKK KKKK KKKK	257
000017	2101	CALL DELAY_S
	K	 11 00XX KKKK KKKK	255
000018	30FF	MOVLW 255
	F	 00 0000 1FFF FFFF	42
000019	00AA	MOVWF SERDATA
	K	 10 0KKK KKKK KKKK	409
00001A	2199	CALL HSERSEND343
		SYSDOLOOP_S1
	K	 11 00XX KKKK KKKK	1
00001B	3001	MOVLW 1
	F	 00 0000 1FFF FFFF	39
00001C	00A7	MOVWF HSERPRINTCRLFCOUNT
	K	 11 00XX KKKK KKKK	1
00001D	3001	MOVLW 1
	F	 00 0000 1FFF FFFF	33
00001E	00A1	MOVWF COMPORT
	K	 10 0KKK KKKK KKKK	396
00001F	218C	CALL HSERPRINTCRLF
	K	 11 00XX KKKK KKKK	226
000020	30E2	MOVLW LOW SYSSTRINGPARAM1
	F	 00 0000 1FFF FFFF	114
000021	00F2	MOVWF SYSSTRINGB
	K	 11 00XX KKKK KKKK	1
000022	3001	MOVLW HIGH SYSSTRINGPARAM1
	F	 00 0000 1FFF FFFF	115
000023	00F3	MOVWF SYSSTRINGB_H
	K	 11 00XX KKKK KKKK	255
000024	30FF	MOVLW LOW STRINGTABLE1
	F	 00 0000 1FFF FFFF	119
000025	00F7	MOVWF SYSSTRINGA
	K	 11 00XX KKKK KKKK	1
000026	3001	MOVLW HIGH STRINGTABLE1
	F	 00 0000 1FFF FFFF	120
000027	00F8	MOVWF SYSSTRINGA_H
	K	 10 0KKK KKKK KKKK	476
000028	21DC	CALL SYSREADSTRING
	K	 11 00XX KKKK KKKK	226
000029	30E2	MOVLW LOW SYSSTRINGPARAM1
	F	 00 0000 1FFF FFFF	44
00002A	00AC	MOVWF SYSPRINTDATAHANDLER
	K	 11 00XX KKKK KKKK	1
00002B	3001	MOVLW HIGH SYSSTRINGPARAM1
	F	 00 0000 1FFF FFFF	45
00002C	00AD	MOVWF SYSPRINTDATAHANDLER_H
	K	 11 00XX KKKK KKKK	1
00002D	3001	MOVLW 1
	F	 00 0000 1FFF FFFF	33
00002E	00A1	MOVWF COMPORT
	K	 10 0KKK KKKK KKKK	366
00002F	216E	CALL HSERPRINT356
	K	 11 00XX KKKK KKKK	2
000030	3002	MOVLW 2
	F	 00 0000 1FFF FFFF	39
000031	00A7	MOVWF HSERPRINTCRLFCOUNT
	K	 11 00XX KKKK KKKK	1
000032	3001	MOVLW 1
	F	 00 0000 1FFF FFFF	33
000033	00A1	MOVWF COMPORT
	K	 10 0KKK KKKK KKKK	396
000034	218C	CALL HSERPRINTCRLF
	K	 11 00XX KKKK KKKK	1
000035	3001	MOVLW 1
	F	 00 0000 1FFF FFFF	39
000036	00A7	MOVWF HSERPRINTCRLFCOUNT
	K	 11 00XX KKKK KKKK	1
000037	3001	MOVLW 1
	F	 00 0000 1FFF FFFF	33
000038	00A1	MOVWF COMPORT
	K	 10 0KKK KKKK KKKK	396
000039	218C	CALL HSERPRINTCRLF
	K	 11 00XX KKKK KKKK	226
00003A	30E2	MOVLW LOW SYSSTRINGPARAM1
	F	 00 0000 1FFF FFFF	114
00003B	00F2	MOVWF SYSSTRINGB
	K	 11 00XX KKKK KKKK	1
00003C	3001	MOVLW HIGH SYSSTRINGPARAM1
	F	 00 0000 1FFF FFFF	115
00003D	00F3	MOVWF SYSSTRINGB_H
	K	 11 00XX KKKK KKKK	12
00003E	300C	MOVLW LOW STRINGTABLE2
	F	 00 0000 1FFF FFFF	119
00003F	00F7	MOVWF SYSSTRINGA
	K	 11 00XX KKKK KKKK	2
000040	3002	MOVLW HIGH STRINGTABLE2
	F	 00 0000 1FFF FFFF	120
000041	00F8	MOVWF SYSSTRINGA_H
	K	 10 0KKK KKKK KKKK	476
000042	21DC	CALL SYSREADSTRING
	K	 11 00XX KKKK KKKK	226
000043	30E2	MOVLW LOW SYSSTRINGPARAM1
	F	 00 0000 1FFF FFFF	44
000044	00AC	MOVWF SYSPRINTDATAHANDLER
	K	 11 00XX KKKK KKKK	1
000045	3001	MOVLW HIGH SYSSTRINGPARAM1
	F	 00 0000 1FFF FFFF	45
000046	00AD	MOVWF SYSPRINTDATAHANDLER_H
	K	 11 00XX KKKK KKKK	1
000047	3001	MOVLW 1
	F	 00 0000 1FFF FFFF	33
000048	00A1	MOVWF COMPORT
	K	 10 0KKK KKKK KKKK	366
000049	216E	CALL HSERPRINT356
	K	 11 00XX KKKK KKKK	255
00004A	30FF	MOVLW 255
	F	 00 0000 1FFF FFFF	34
00004B	00A2	MOVWF DEVICEID
		SYSFORLOOP1
	F	 00 1010 DFFF FFFF	34
	D	 00 1010 D010 0010	1
00004C	0AA2	INCF DEVICEID,F
	F	 00 1000 DFFF FFFF	34
	D	 00 1000 D010 0010	0
00004D	0822	MOVF DEVICEID,W
	F	 00 0000 1FFF FFFF	50
00004E	00B2	MOVWF SYSVALTEMP
	K	 10 0KKK KKKK KKKK	547
00004F	2223	CALL FN__HEXPICAS
	K	 11 00XX KKKK KKKK	222
000050	30DE	MOVLW LOW _HEXPICAS
	F	 00 0000 1FFF FFFF	44
000051	00AC	MOVWF SYSPRINTDATAHANDLER
	K	 11 00XX KKKK KKKK	1
000052	3001	MOVLW HIGH _HEXPICAS
	F	 00 0000 1FFF FFFF	45
000053	00AD	MOVWF SYSPRINTDATAHANDLER_H
	K	 11 00XX KKKK KKKK	1
000054	3001	MOVLW 1
	F	 00 0000 1FFF FFFF	33
000055	00A1	MOVWF COMPORT
	K	 10 0KKK KKKK KKKK	366
000056	216E	CALL HSERPRINT356
	K	 11 00XX KKKK KKKK	226
000057	30E2	MOVLW LOW SYSSTRINGPARAM1
	F	 00 0000 1FFF FFFF	114
000058	00F2	MOVWF SYSSTRINGB
	K	 11 00XX KKKK KKKK	1
000059	3001	MOVLW HIGH SYSSTRINGPARAM1
	F	 00 0000 1FFF FFFF	115
00005A	00F3	MOVWF SYSSTRINGB_H
	K	 11 00XX KKKK KKKK	16
00005B	3010	MOVLW LOW STRINGTABLE3
	F	 00 0000 1FFF FFFF	119
00005C	00F7	MOVWF SYSSTRINGA
	K	 11 00XX KKKK KKKK	2
00005D	3002	MOVLW HIGH STRINGTABLE3
	F	 00 0000 1FFF FFFF	120
00005E	00F8	MOVWF SYSSTRINGA_H
	K	 10 0KKK KKKK KKKK	476
00005F	21DC	CALL SYSREADSTRING
	K	 11 00XX KKKK KKKK	226
000060	30E2	MOVLW LOW SYSSTRINGPARAM1
	F	 00 0000 1FFF FFFF	44
000061	00AC	MOVWF SYSPRINTDATAHANDLER
	K	 11 00XX KKKK KKKK	1
000062	3001	MOVLW HIGH SYSSTRINGPARAM1
	F	 00 0000 1FFF FFFF	45
000063	00AD	MOVWF SYSPRINTDATAHANDLER_H
	K	 11 00XX KKKK KKKK	1
000064	3001	MOVLW 1
	F	 00 0000 1FFF FFFF	33
000065	00A1	MOVWF COMPORT
	K	 10 0KKK KKKK KKKK	366
000066	216E	CALL HSERPRINT356
	K	 11 00XX KKKK KKKK	15
000067	300F	MOVLW 15
	F	 00 0010 DFFF FFFF	34
	D	 00 0010 D010 0010	0
000068	0222	SUBWF DEVICEID,W
	F	 01 11BB BFFF FFFF	3
	B	 01 11BB B000 0011	0
000069	1C03	BTFSS STATUS, C
	K	 10 1KKK KKKK KKKK	76
00006A	284C	GOTO SYSFORLOOP1
		SYSFORLOOPEND1
	K	 11 00XX KKKK KKKK	255
00006B	30FF	MOVLW 255
	F	 00 0000 1FFF FFFF	34
00006C	00A2	MOVWF DEVICEID
		SYSFORLOOP2
	F	 00 1010 DFFF FFFF	34
	D	 00 1010 D010 0010	1
00006D	0AA2	INCF DEVICEID,F
	F	 00 1000 DFFF FFFF	34
	D	 00 1000 D010 0010	0
00006E	0822	MOVF DEVICEID,W
	F	 00 0000 1FFF FFFF	117
00006F	00F5	MOVWF SYSBYTETEMPA
	K	 11 00XX KKKK KKKK	16
000070	3010	MOVLW 16
	F	 00 0000 1FFF FFFF	121
000071	00F9	MOVWF SYSBYTETEMPB
	K	 10 0KKK KKKK KKKK	456
000072	21C8	CALL SYSDIVSUB
	F	 00 1000 DFFF FFFF	112
	D	 00 1000 D111 0000	0
000073	0870	MOVF SYSBYTETEMPX,W
	F	 00 0000 1FFF FFFF	35
000074	00A3	MOVWF DISPLAYNEWLINE
	F	 00 1000 DFFF FFFF	35
	D	 00 1000 D010 0011	1
000075	08A3	MOVF DISPLAYNEWLINE,F
	F	 01 11BB BFFF FFFF	3
	B	 01 11BB B000 0011	2
000076	1D03	BTFSS STATUS, Z
	K	 10 1KKK KKKK KKKK	155
000077	289B	GOTO ENDIF2
	K	 11 00XX KKKK KKKK	1
000078	3001	MOVLW 1
	F	 00 0000 1FFF FFFF	39
000079	00A7	MOVWF HSERPRINTCRLFCOUNT
	K	 11 00XX KKKK KKKK	1
00007A	3001	MOVLW 1
	F	 00 0000 1FFF FFFF	33
00007B	00A1	MOVWF COMPORT
	K	 10 0KKK KKKK KKKK	396
00007C	218C	CALL HSERPRINTCRLF
	F	 00 1000 DFFF FFFF	34
	D	 00 1000 D010 0010	0
00007D	0822	MOVF DEVICEID,W
	F	 00 0000 1FFF FFFF	50
00007E	00B2	MOVWF SYSVALTEMP
	K	 10 0KKK KKKK KKKK	547
00007F	2223	CALL FN__HEXPICAS
	K	 11 00XX KKKK KKKK	222
000080	30DE	MOVLW LOW _HEXPICAS
	F	 00 0000 1FFF FFFF	44
000081	00AC	MOVWF SYSPRINTDATAHANDLER
	K	 11 00XX KKKK KKKK	1
000082	3001	MOVLW HIGH _HEXPICAS
	F	 00 0000 1FFF FFFF	45
000083	00AD	MOVWF SYSPRINTDATAHANDLER_H
	K	 11 00XX KKKK KKKK	1
000084	3001	MOVLW 1
	F	 00 0000 1FFF FFFF	33
000085	00A1	MOVWF COMPORT
	K	 10 0KKK KKKK KKKK	366
000086	216E	CALL HSERPRINT356
	F	 00 1000 DFFF FFFF	35
	D	 00 1000 D010 0011	0
000087	0823	MOVF DISPLAYNEWLINE,W
	K	 11 110X KKKK KKKK	0
000088	3C00	SUBLW 0
	F	 01 10BB BFFF FFFF	3
	B	 01 10BB B000 0011	0
000089	1803	BTFSC STATUS, C
	K	 10 1KKK KKKK KKKK	155
00008A	289B	GOTO ENDIF5
	K	 11 00XX KKKK KKKK	226
00008B	30E2	MOVLW LOW SYSSTRINGPARAM1
	F	 00 0000 1FFF FFFF	114
00008C	00F2	MOVWF SYSSTRINGB
	K	 11 00XX KKKK KKKK	1
00008D	3001	MOVLW HIGH SYSSTRINGPARAM1
	F	 00 0000 1FFF FFFF	115
00008E	00F3	MOVWF SYSSTRINGB_H
	K	 11 00XX KKKK KKKK	16
00008F	3010	MOVLW LOW STRINGTABLE3
	F	 00 0000 1FFF FFFF	119
000090	00F7	MOVWF SYSSTRINGA
	K	 11 00XX KKKK KKKK	2
000091	3002	MOVLW HIGH STRINGTABLE3
	F	 00 0000 1FFF FFFF	120
000092	00F8	MOVWF SYSSTRINGA_H
	K	 10 0KKK KKKK KKKK	476
000093	21DC	CALL SYSREADSTRING
	K	 11 00XX KKKK KKKK	226
000094	30E2	MOVLW LOW SYSSTRINGPARAM1
	F	 00 0000 1FFF FFFF	44
000095	00AC	MOVWF SYSPRINTDATAHANDLER
	K	 11 00XX KKKK KKKK	1
000096	3001	MOVLW HIGH SYSSTRINGPARAM1
	F	 00 0000 1FFF FFFF	45
000097	00AD	MOVWF SYSPRINTDATAHANDLER_H
	K	 11 00XX KKKK KKKK	1
000098	3001	MOVLW 1
	F	 00 0000 1FFF FFFF	33
000099	00A1	MOVWF COMPORT
	K	 10 0KKK KKKK KKKK	366
00009A	216E	CALL HSERPRINT356
		ENDIF5
		ENDIF2
	K	 11 00XX KKKK KKKK	226
00009B	30E2	MOVLW LOW SYSSTRINGPARAM1
	F	 00 0000 1FFF FFFF	114
00009C	00F2	MOVWF SYSSTRINGB
	K	 11 00XX KKKK KKKK	1
00009D	3001	MOVLW HIGH SYSSTRINGPARAM1
	F	 00 0000 1FFF FFFF	115
00009E	00F3	MOVWF SYSSTRINGB_H
	K	 11 00XX KKKK KKKK	16
00009F	3010	MOVLW LOW STRINGTABLE3
	F	 00 0000 1FFF FFFF	119
0000A0	00F7	MOVWF SYSSTRINGA
	K	 11 00XX KKKK KKKK	2
0000A1	3002	MOVLW HIGH STRINGTABLE3
	F	 00 0000 1FFF FFFF	120
0000A2	00F8	MOVWF SYSSTRINGA_H
	K	 10 0KKK KKKK KKKK	476
0000A3	21DC	CALL SYSREADSTRING
	K	 11 00XX KKKK KKKK	226
0000A4	30E2	MOVLW LOW SYSSTRINGPARAM1
	F	 00 0000 1FFF FFFF	44
0000A5	00AC	MOVWF SYSPRINTDATAHANDLER
	K	 11 00XX KKKK KKKK	1
0000A6	3001	MOVLW HIGH SYSSTRINGPARAM1
	F	 00 0000 1FFF FFFF	45
0000A7	00AD	MOVWF SYSPRINTDATAHANDLER_H
	K	 11 00XX KKKK KKKK	1
0000A8	3001	MOVLW 1
	F	 00 0000 1FFF FFFF	33
0000A9	00A1	MOVWF COMPORT
	K	 10 0KKK KKKK KKKK	366
0000AA	216E	CALL HSERPRINT356
	K	 10 0KKK KKKK KKKK	327
0000AB	2147	CALL HI2CSTART
	F	 00 1000 DFFF FFFF	34
	D	 00 1000 D010 0010	0
0000AC	0822	MOVF DEVICEID,W
	F	 00 0000 1FFF FFFF	40
0000AD	00A8	MOVWF I2CBYTE
	K	 10 0KKK KKKK KKKK	305
0000AE	2131	CALL HI2CSEND
	F	 00 0001 1FFF FFFF	40
0000AF	01A8	CLRF I2CBYTE
	K	 10 0KKK KKKK KKKK	305
0000B0	2131	CALL HI2CSEND
	K	 10 0KKK KKKK KKKK	339
0000B1	2153	CALL HI2CSTOP
	F	 00 1000 DFFF FFFF	36
	D	 00 1000 D010 0100	1
0000B2	08A4	MOVF HI2CACKPOLLSTATE,F
	F	 01 11BB BFFF FFFF	3
	B	 01 11BB B000 0011	2
0000B3	1D03	BTFSS STATUS, Z
	K	 10 1KKK KKKK KKKK	192
0000B4	28C0	GOTO ELSE3_1
	F	 00 1000 DFFF FFFF	34
	D	 00 1000 D010 0010	0
0000B5	0822	MOVF DEVICEID,W
	F	 00 0000 1FFF FFFF	50
0000B6	00B2	MOVWF SYSVALTEMP
	K	 10 0KKK KKKK KKKK	547
0000B7	2223	CALL FN__HEXPICAS
	K	 11 00XX KKKK KKKK	222
0000B8	30DE	MOVLW LOW _HEXPICAS
	F	 00 0000 1FFF FFFF	44
0000B9	00AC	MOVWF SYSPRINTDATAHANDLER
	K	 11 00XX KKKK KKKK	1
0000BA	3001	MOVLW HIGH _HEXPICAS
	F	 00 0000 1FFF FFFF	45
0000BB	00AD	MOVWF SYSPRINTDATAHANDLER_H
	K	 11 00XX KKKK KKKK	1
0000BC	3001	MOVLW 1
	F	 00 0000 1FFF FFFF	33
0000BD	00A1	MOVWF COMPORT
	K	 10 0KKK KKKK KKKK	366
0000BE	216E	CALL HSERPRINT356
	K	 10 1KKK KKKK KKKK	208
0000BF	28D0	GOTO ENDIF3
		ELSE3_1
	K	 11 00XX KKKK KKKK	226
0000C0	30E2	MOVLW LOW SYSSTRINGPARAM1
	F	 00 0000 1FFF FFFF	114
0000C1	00F2	MOVWF SYSSTRINGB
	K	 11 00XX KKKK KKKK	1
0000C2	3001	MOVLW HIGH SYSSTRINGPARAM1
	F	 00 0000 1FFF FFFF	115
0000C3	00F3	MOVWF SYSSTRINGB_H
	K	 11 00XX KKKK KKKK	18
0000C4	3012	MOVLW LOW STRINGTABLE4
	F	 00 0000 1FFF FFFF	119
0000C5	00F7	MOVWF SYSSTRINGA
	K	 11 00XX KKKK KKKK	2
0000C6	3002	MOVLW HIGH STRINGTABLE4
	F	 00 0000 1FFF FFFF	120
0000C7	00F8	MOVWF SYSSTRINGA_H
	K	 10 0KKK KKKK KKKK	476
0000C8	21DC	CALL SYSREADSTRING
	K	 11 00XX KKKK KKKK	226
0000C9	30E2	MOVLW LOW SYSSTRINGPARAM1
	F	 00 0000 1FFF FFFF	44
0000CA	00AC	MOVWF SYSPRINTDATAHANDLER
	K	 11 00XX KKKK KKKK	1
0000CB	3001	MOVLW HIGH SYSSTRINGPARAM1
	F	 00 0000 1FFF FFFF	45
0000CC	00AD	MOVWF SYSPRINTDATAHANDLER_H
	K	 11 00XX KKKK KKKK	1
0000CD	3001	MOVLW 1
	F	 00 0000 1FFF FFFF	33
0000CE	00A1	MOVWF COMPORT
	K	 10 0KKK KKKK KKKK	366
0000CF	216E	CALL HSERPRINT356
		ENDIF3
	K	 11 00XX KKKK KKKK	255
0000D0	30FF	MOVLW 255
	F	 00 0010 DFFF FFFF	34
	D	 00 0010 D010 0010	0
0000D1	0222	SUBWF DEVICEID,W
	F	 01 11BB BFFF FFFF	3
	B	 01 11BB B000 0011	0
0000D2	1C03	BTFSS STATUS, C
	K	 10 1KKK KKKK KKKK	109
0000D3	286D	GOTO SYSFORLOOP2
		SYSFORLOOPEND2
	K	 11 00XX KKKK KKKK	2
0000D4	3002	MOVLW 2
	F	 00 0000 1FFF FFFF	39
0000D5	00A7	MOVWF HSERPRINTCRLFCOUNT
	K	 11 00XX KKKK KKKK	1
0000D6	3001	MOVLW 1
	F	 00 0000 1FFF FFFF	33
0000D7	00A1	MOVWF COMPORT
	K	 10 0KKK KKKK KKKK	396
0000D8	218C	CALL HSERPRINTCRLF
	K	 11 00XX KKKK KKKK	226
0000D9	30E2	MOVLW LOW SYSSTRINGPARAM1
	F	 00 0000 1FFF FFFF	114
0000DA	00F2	MOVWF SYSSTRINGB
	K	 11 00XX KKKK KKKK	1
0000DB	3001	MOVLW HIGH SYSSTRINGPARAM1
	F	 00 0000 1FFF FFFF	115
0000DC	00F3	MOVWF SYSSTRINGB_H
	K	 11 00XX KKKK KKKK	21
0000DD	3015	MOVLW LOW STRINGTABLE5
	F	 00 0000 1FFF FFFF	119
0000DE	00F7	MOVWF SYSSTRINGA
	K	 11 00XX KKKK KKKK	2
0000DF	3002	MOVLW HIGH STRINGTABLE5
	F	 00 0000 1FFF FFFF	120
0000E0	00F8	MOVWF SYSSTRINGA_H
	K	 10 0KKK KKKK KKKK	476
0000E1	21DC	CALL SYSREADSTRING
	K	 11 00XX KKKK KKKK	226
0000E2	30E2	MOVLW LOW SYSSTRINGPARAM1
	F	 00 0000 1FFF FFFF	44
0000E3	00AC	MOVWF SYSPRINTDATAHANDLER
	K	 11 00XX KKKK KKKK	1
0000E4	3001	MOVLW HIGH SYSSTRINGPARAM1
	F	 00 0000 1FFF FFFF	45
0000E5	00AD	MOVWF SYSPRINTDATAHANDLER_H
	K	 11 00XX KKKK KKKK	1
0000E6	3001	MOVLW 1
	F	 00 0000 1FFF FFFF	33
0000E7	00A1	MOVWF COMPORT
	K	 10 0KKK KKKK KKKK	366
0000E8	216E	CALL HSERPRINT356
	K	 11 00XX KKKK KKKK	2
0000E9	3002	MOVLW 2
	F	 00 0000 1FFF FFFF	39
0000EA	00A7	MOVWF HSERPRINTCRLFCOUNT
	K	 11 00XX KKKK KKKK	1
0000EB	3001	MOVLW 1
	F	 00 0000 1FFF FFFF	33
0000EC	00A1	MOVWF COMPORT
	K	 10 0KKK KKKK KKKK	396
0000ED	218C	CALL HSERPRINTCRLF
		SYSWAITLOOP1
	F	 01 10BB BFFF FFFF	5
	B	 01 10BB B000 0101	4
0000EE	1A05	BTFSC PORTA,4
	K	 10 1KKK KKKK KKKK	238
0000EF	28EE	GOTO SYSWAITLOOP1
	K	 10 1KKK KKKK KKKK	27
0000F0	281B	GOTO SYSDOLOOP_S1
		SYSDOLOOP_E1
		BASPROGRAMEND
0000F1	0063	SLEEP
	K	 10 1KKK KKKK KKKK	241
0000F2	28F1	GOTO BASPROGRAMEND


		DELAY_MS
	F	 00 1010 DFFF FFFF	115
	D	 00 1010 D111 0011	1
0000F3	0AF3	INCF SYSWAITTEMPMS_H, F
		DMS_START
	K	 11 00XX KKKK KKKK	227
0000F4	30E3	MOVLW 227
	F	 00 0000 1FFF FFFF	113
0000F5	00F1	MOVWF DELAYTEMP2
		DMS_OUTER
	K	 11 00XX KKKK KKKK	6
0000F6	3006	MOVLW 6
	F	 00 0000 1FFF FFFF	112
0000F7	00F0	MOVWF DELAYTEMP
		DMS_INNER
	F	 00 1011 DFFF FFFF	112
	D	 00 1011 D111 0000	1
0000F8	0BF0	DECFSZ DELAYTEMP, F
	K	 10 1KKK KKKK KKKK	248
0000F9	28F8	GOTO DMS_INNER
	F	 00 1011 DFFF FFFF	113
	D	 00 1011 D111 0001	1
0000FA	0BF1	DECFSZ DELAYTEMP2, F
	K	 10 1KKK KKKK KKKK	246
0000FB	28F6	GOTO DMS_OUTER
	F	 00 1011 DFFF FFFF	114
	D	 00 1011 D111 0010	1
0000FC	0BF2	DECFSZ SYSWAITTEMPMS, F
	K	 10 1KKK KKKK KKKK	244
0000FD	28F4	GOTO DMS_START
	F	 00 1011 DFFF FFFF	115
	D	 00 1011 D111 0011	1
0000FE	0BF3	DECFSZ SYSWAITTEMPMS_H, F
	K	 10 1KKK KKKK KKKK	244
0000FF	28F4	GOTO DMS_START
000100	0008	RETURN


		DELAY_S
		DS_START
	K	 11 00XX KKKK KKKK	232
000101	30E8	MOVLW 232
	F	 00 0000 1FFF FFFF	114
000102	00F2	MOVWF SYSWAITTEMPMS
	K	 11 00XX KKKK KKKK	3
000103	3003	MOVLW 3
	F	 00 0000 1FFF FFFF	115
000104	00F3	MOVWF SYSWAITTEMPMS_H
	K	 10 0KKK KKKK KKKK	243
000105	20F3	CALL DELAY_MS
	F	 00 1011 DFFF FFFF	116
	D	 00 1011 D111 0100	1
000106	0BF4	DECFSZ SYSWAITTEMPS, F
	K	 10 1KKK KKKK KKKK	257
000107	2901	GOTO DS_START
000108	0008	RETURN


		HI2CINIT
	F	 00 0001 1FFF FFFF	37
000109	01A5	CLRF HI2CCURRENTMODE
00010A	0008	RETURN


		HI2CMODE
	F	 01 01BB BFFF FFFF	3
	B	 01 01BB B000 0011	5
000000	1683	BANKSEL SSPSTAT
	F	 01 00BB BFFF FFFF	3
	B	 01 00BB B000 0011	6
000000	1683 1303	BANKSEL SSPSTAT
	F	 01 01BB BFFF FFFF	148
	B	 01 01BB B001 0100	7
00010D	1794	BSF SSPSTAT,SMP
	F	 01 00BB BFFF FFFF	3
	B	 01 00BB B000 0011	5
000000	1283	BANKSEL SSPCON
	F	 01 00BB BFFF FFFF	3
	B	 01 00BB B000 0011	6
000000	1283 1303	BANKSEL SSPCON
	F	 01 01BB BFFF FFFF	20
	B	 01 01BB B001 0100	4
000110	1614	BSF SSPCON,CKP
	F	 01 00BB BFFF FFFF	20
	B	 01 00BB B001 0100	7
000111	1394	BCF SSPCON,WCOL
	K	 11 00XX KKKK KKKK	12
000112	300C	MOVLW 12
	F	 00 0010 DFFF FFFF	37
	D	 00 0010 D010 0101	0
000113	0225	SUBWF HI2CCURRENTMODE,W
	F	 01 11BB BFFF FFFF	3
	B	 01 11BB B000 0011	2
000114	1D03	BTFSS STATUS, Z
	K	 10 1KKK KKKK KKKK	286
000115	291E	GOTO ENDIF12
	F	 01 01BB BFFF FFFF	20
	B	 01 01BB B001 0100	3
000116	1594	BSF SSPCON,SSPM3
	F	 01 00BB BFFF FFFF	20
	B	 01 00BB B001 0100	2
000117	1114	BCF SSPCON,SSPM2
	F	 01 00BB BFFF FFFF	20
	B	 01 00BB B001 0100	1
000118	1094	BCF SSPCON,SSPM1
	F	 01 00BB BFFF FFFF	20
	B	 01 00BB B001 0100	0
000119	1014	BCF SSPCON,SSPM0
	K	 11 00XX KKKK KKKK	49
00011A	3031	MOVLW 49
	F	 01 01BB BFFF FFFF	3
	B	 01 01BB B000 0011	5
000000	1683	BANKSEL SSPADD
	F	 01 00BB BFFF FFFF	3
	B	 01 00BB B000 0011	6
000000	1683 1303	BANKSEL SSPADD
	F	 00 0000 1FFF FFFF	147
00011D	0093	MOVWF SSPADD
		ENDIF12
	F	 01 00BB BFFF FFFF	3
	B	 01 00BB B000 0011	5
000000	1283	BANKSEL HI2CCURRENTMODE
	F	 01 00BB BFFF FFFF	3
	B	 01 00BB B000 0011	6
000000	1283 1303	BANKSEL HI2CCURRENTMODE
	F	 00 1000 DFFF FFFF	37
	D	 00 1000 D010 0101	1
000120	08A5	MOVF HI2CCURRENTMODE,F
	F	 01 11BB BFFF FFFF	3
	B	 01 11BB B000 0011	2
000121	1D03	BTFSS STATUS, Z
	K	 10 1KKK KKKK KKKK	295
000122	2927	GOTO ENDIF13
	F	 01 00BB BFFF FFFF	20
	B	 01 00BB B001 0100	3
000123	1194	BCF SSPCON,SSPM3
	F	 01 01BB BFFF FFFF	20
	B	 01 01BB B001 0100	2
000124	1514	BSF SSPCON,SSPM2
	F	 01 01BB BFFF FFFF	20
	B	 01 01BB B001 0100	1
000125	1494	BSF SSPCON,SSPM1
	F	 01 00BB BFFF FFFF	20
	B	 01 00BB B001 0100	0
000126	1014	BCF SSPCON,SSPM0
		ENDIF13
	K	 11 00XX KKKK KKKK	3
000127	3003	MOVLW 3
	F	 00 0010 DFFF FFFF	37
	D	 00 0010 D010 0101	0
000128	0225	SUBWF HI2CCURRENTMODE,W
	F	 01 11BB BFFF FFFF	3
	B	 01 11BB B000 0011	2
000129	1D03	BTFSS STATUS, Z
	K	 10 1KKK KKKK KKKK	303
00012A	292F	GOTO ENDIF14
	F	 01 00BB BFFF FFFF	20
	B	 01 00BB B001 0100	3
00012B	1194	BCF SSPCON,SSPM3
	F	 01 01BB BFFF FFFF	20
	B	 01 01BB B001 0100	2
00012C	1514	BSF SSPCON,SSPM2
	F	 01 01BB BFFF FFFF	20
	B	 01 01BB B001 0100	1
00012D	1494	BSF SSPCON,SSPM1
	F	 01 01BB BFFF FFFF	20
	B	 01 01BB B001 0100	0
00012E	1414	BSF SSPCON,SSPM0
		ENDIF14
	F	 01 01BB BFFF FFFF	20
	B	 01 01BB B001 0100	5
00012F	1694	BSF SSPCON,SSPEN
000130	0008	RETURN


		HI2CSEND
		RETRYHI2CSEND
	F	 01 00BB BFFF FFFF	20
	B	 01 00BB B001 0100	7
000131	1394	BCF SSPCON,WCOL
	F	 00 1000 DFFF FFFF	40
	D	 00 1000 D010 1000	0
000132	0828	MOVF I2CBYTE,W
	F	 00 0000 1FFF FFFF	19
000133	0093	MOVWF SSPBUF
	K	 10 0KKK KKKK KKKK	351
000134	215F	CALL HI2CWAITMSSP
	F	 00 0011 DFFF FFFF	32
	D	 00 0011 D010 0000	0
000135	0320	DECF ACKSTAT,W
	F	 01 11BB BFFF FFFF	3
	B	 01 11BB B000 0011	2
000136	1D03	BTFSS STATUS, Z
	K	 10 1KKK KKKK KKKK	315
000137	293B	GOTO ELSE17_1
	K	 11 00XX KKKK KKKK	255
000138	30FF	MOVLW 255
	F	 00 0000 1FFF FFFF	36
000139	00A4	MOVWF HI2CACKPOLLSTATE
	K	 10 1KKK KKKK KKKK	316
00013A	293C	GOTO ENDIF17
		ELSE17_1
	F	 00 0001 1FFF FFFF	36
00013B	01A4	CLRF HI2CACKPOLLSTATE
		ENDIF17
	F	 01 11BB BFFF FFFF	20
	B	 01 11BB B001 0100	7
00013C	1F94	BTFSS SSPCON,WCOL
	K	 10 1KKK KKKK KKKK	322
00013D	2942	GOTO ENDIF18
	F	 00 1000 DFFF FFFF	37
	D	 00 1000 D010 0101	0
00013E	0825	MOVF HI2CCURRENTMODE,W
	K	 11 110X KKKK KKKK	10
00013F	3C0A	SUBLW 10
	F	 01 10BB BFFF FFFF	3
	B	 01 10BB B000 0011	0
000140	1803	BTFSC STATUS, C
	K	 10 1KKK KKKK KKKK	305
000141	2931	GOTO RETRYHI2CSEND
		ENDIF18
	F	 00 1000 DFFF FFFF	37
	D	 00 1000 D010 0101	0
000142	0825	MOVF HI2CCURRENTMODE,W
	K	 11 110X KKKK KKKK	10
000143	3C0A	SUBLW 10
	F	 01 10BB BFFF FFFF	3
	B	 01 10BB B000 0011	0
000144	1803	BTFSC STATUS, C
	F	 01 01BB BFFF FFFF	20
	B	 01 01BB B001 0100	4
000145	1614	BSF SSPCON,CKP
000146	0008	RETURN


		HI2CSTART
	F	 00 1000 DFFF FFFF	37
	D	 00 1000 D010 0101	0
000147	0825	MOVF HI2CCURRENTMODE,W
	K	 11 110X KKKK KKKK	10
000148	3C0A	SUBLW 10
	F	 01 10BB BFFF FFFF	3
	B	 01 10BB B000 0011	0
000149	1803	BTFSC STATUS, C
	K	 10 1KKK KKKK KKKK	332
00014A	294C	GOTO ELSE15_1
	K	 10 1KKK KKKK KKKK	336
00014B	2950	GOTO ENDIF15
		ELSE15_1
		SYSWAITLOOP4
	F	 01 01BB BFFF FFFF	3
	B	 01 01BB B000 0011	5
000000	1683	BANKSEL SSPSTAT
	F	 01 00BB BFFF FFFF	3
	B	 01 00BB B000 0011	6
000000	1683 1303	BANKSEL SSPSTAT
	F	 01 11BB BFFF FFFF	148
	B	 01 11BB B001 0100	3
00014E	1D94	BTFSS SSPSTAT,S
	K	 10 1KKK KKKK KKKK	332
00014F	294C	GOTO SYSWAITLOOP4
		ENDIF15
	F	 01 00BB BFFF FFFF	3
	B	 01 00BB B000 0011	5
000000	1283	BANKSEL STATUS
	F	 01 00BB BFFF FFFF	3
	B	 01 00BB B000 0011	6
000000	1283 1303	BANKSEL STATUS
000152	0008	RETURN


		HI2CSTOP
	F	 00 1000 DFFF FFFF	37
	D	 00 1000 D010 0101	0
000153	0825	MOVF HI2CCURRENTMODE,W
	K	 11 110X KKKK KKKK	10
000154	3C0A	SUBLW 10
	F	 01 10BB BFFF FFFF	3
	B	 01 10BB B000 0011	0
000155	1803	BTFSC STATUS, C
	K	 10 1KKK KKKK KKKK	344
000156	2958	GOTO ELSE16_1
	K	 10 1KKK KKKK KKKK	348
000157	295C	GOTO ENDIF16
		ELSE16_1
		SYSWAITLOOP5
	F	 01 01BB BFFF FFFF	3
	B	 01 01BB B000 0011	5
000000	1683	BANKSEL SSPSTAT
	F	 01 00BB BFFF FFFF	3
	B	 01 00BB B000 0011	6
000000	1683 1303	BANKSEL SSPSTAT
	F	 01 11BB BFFF FFFF	148
	B	 01 11BB B001 0100	4
00015A	1E14	BTFSS SSPSTAT,P
	K	 10 1KKK KKKK KKKK	344
00015B	2958	GOTO SYSWAITLOOP5
		ENDIF16
	F	 01 00BB BFFF FFFF	3
	B	 01 00BB B000 0011	5
000000	1283	BANKSEL STATUS
	F	 01 00BB BFFF FFFF	3
	B	 01 00BB B000 0011	6
000000	1283 1303	BANKSEL STATUS
00015E	0008	RETURN


		HI2CWAITMSSP
	F	 00 0001 1FFF FFFF	38
00015F	01A6	CLRF HI2CWAITMSSPTIMEOUT
		HI2CWAITMSSPWAIT
	F	 00 1010 DFFF FFFF	38
	D	 00 1010 D010 0110	1
000160	0AA6	INCF HI2CWAITMSSPTIMEOUT,F
	K	 11 00XX KKKK KKKK	255
000161	30FF	MOVLW 255
	F	 00 0010 DFFF FFFF	38
	D	 00 0010 D010 0110	0
000162	0226	SUBWF HI2CWAITMSSPTIMEOUT,W
	F	 01 10BB BFFF FFFF	3
	B	 01 10BB B000 0011	0
000163	1803	BTFSC STATUS, C
	K	 10 1KKK KKKK KKKK	365
000164	296D	GOTO ENDIF21
	F	 01 10BB BFFF FFFF	12
	B	 01 10BB B000 1100	3
000165	198C	BTFSC PIR1,SSPIF
	K	 10 1KKK KKKK KKKK	364
000166	296C	GOTO ENDIF22
	K	 11 00XX KKKK KKKK	3
000167	3003	MOVLW 3
	F	 00 0000 1FFF FFFF	112
000168	00F0	MOVWF DELAYTEMP
		DELAYUS1
	F	 00 1011 DFFF FFFF	112
	D	 00 1011 D111 0000	1
000169	0BF0	DECFSZ DELAYTEMP,F
	K	 10 1KKK KKKK KKKK	361
00016A	2969	GOTO DELAYUS1
	K	 10 1KKK KKKK KKKK	352
00016B	2960	GOTO HI2CWAITMSSPWAIT
		ENDIF22
	F	 01 00BB BFFF FFFF	12
	B	 01 00BB B000 1100	3
00016C	118C	BCF PIR1,SSPIF
		ENDIF21
00016D	0008	RETURN


		HSERPRINT356
	F	 00 1000 DFFF FFFF	44
	D	 00 1000 D010 1100	0
00016E	082C	MOVF SYSPRINTDATAHANDLER,W
	F	 00 0000 1FFF FFFF	4
00016F	0084	MOVWF FSR
	F	 01 00BB BFFF FFFF	3
	B	 01 00BB B000 0011	7
000170	1383	BCF STATUS, IRP
	F	 01 10BB BFFF FFFF	45
	B	 01 10BB B010 1101	0
000171	182D	BTFSC SYSPRINTDATAHANDLER_H,0
	F	 01 01BB BFFF FFFF	3
	B	 01 01BB B000 0011	7
000172	1783	BSF STATUS, IRP
	F	 00 1000 DFFF FFFF	0
	D	 00 1000 D000 0000	0
000173	0800	MOVF INDF,W
	F	 00 0000 1FFF FFFF	41
000174	00A9	MOVWF PRINTLEN
	F	 00 1000 DFFF FFFF	41
	D	 00 1000 D010 1001	1
000175	08A9	MOVF PRINTLEN,F
	F	 01 10BB BFFF FFFF	3
	B	 01 10BB B000 0011	2
000176	1903	BTFSC STATUS, Z
	K	 10 1KKK KKKK KKKK	395
000177	298B	GOTO ENDIF9
	F	 00 0001 1FFF FFFF	46
000178	01AE	CLRF SYSPRINTTEMP
	K	 11 00XX KKKK KKKK	1
000179	3001	MOVLW 1
	F	 00 0010 DFFF FFFF	41
	D	 00 0010 D010 1001	0
00017A	0229	SUBWF PRINTLEN,W
	F	 01 11BB BFFF FFFF	3
	B	 01 11BB B000 0011	0
00017B	1C03	BTFSS STATUS, C
	K	 10 1KKK KKKK KKKK	395
00017C	298B	GOTO SYSFORLOOPEND4
		SYSFORLOOP4
	F	 00 1010 DFFF FFFF	46
	D	 00 1010 D010 1110	1
00017D	0AAE	INCF SYSPRINTTEMP,F
	F	 00 1000 DFFF FFFF	46
	D	 00 1000 D010 1110	0
00017E	082E	MOVF SYSPRINTTEMP,W
	F	 00 0111 DFFF FFFF	44
	D	 00 0111 D010 1100	0
00017F	072C	ADDWF SYSPRINTDATAHANDLER,W
	F	 00 0000 1FFF FFFF	4
000180	0084	MOVWF FSR
	F	 01 00BB BFFF FFFF	3
	B	 01 00BB B000 0011	7
000181	1383	BCF STATUS, IRP
	F	 01 10BB BFFF FFFF	45
	B	 01 10BB B010 1101	0
000182	182D	BTFSC SYSPRINTDATAHANDLER_H,0
	F	 01 01BB BFFF FFFF	3
	B	 01 01BB B000 0011	7
000183	1783	BSF STATUS, IRP
	F	 00 1000 DFFF FFFF	0
	D	 00 1000 D000 0000	0
000184	0800	MOVF INDF,W
	F	 00 0000 1FFF FFFF	42
000185	00AA	MOVWF SERDATA
	K	 10 0KKK KKKK KKKK	420
000186	21A4	CALL HSERSEND344
	F	 00 1000 DFFF FFFF	41
	D	 00 1000 D010 1001	0
000187	0829	MOVF PRINTLEN,W
	F	 00 0010 DFFF FFFF	46
	D	 00 0010 D010 1110	0
000188	022E	SUBWF SYSPRINTTEMP,W
	F	 01 11BB BFFF FFFF	3
	B	 01 11BB B000 0011	0
000189	1C03	BTFSS STATUS, C
	K	 10 1KKK KKKK KKKK	381
00018A	297D	GOTO SYSFORLOOP4
		SYSFORLOOPEND4
		ENDIF9
00018B	0008	RETURN


		HSERPRINTCRLF
	F	 00 1000 DFFF FFFF	39
	D	 00 1000 D010 0111	0
00018C	0827	MOVF HSERPRINTCRLFCOUNT,W
	F	 00 0000 1FFF FFFF	47
00018D	00AF	MOVWF SYSREPEATTEMP1
	F	 01 10BB BFFF FFFF	3
	B	 01 10BB B000 0011	2
00018E	1903	BTFSC STATUS,Z
	K	 10 1KKK KKKK KKKK	408
00018F	2998	GOTO SYSREPEATLOOPEND1
		SYSREPEATLOOP1
	K	 11 00XX KKKK KKKK	13
000190	300D	MOVLW 13
	F	 00 0000 1FFF FFFF	42
000191	00AA	MOVWF SERDATA
	K	 10 0KKK KKKK KKKK	420
000192	21A4	CALL HSERSEND344
	K	 11 00XX KKKK KKKK	10
000193	300A	MOVLW 10
	F	 00 0000 1FFF FFFF	42
000194	00AA	MOVWF SERDATA
	K	 10 0KKK KKKK KKKK	420
000195	21A4	CALL HSERSEND344
	F	 00 1011 DFFF FFFF	47
	D	 00 1011 D010 1111	1
000196	0BAF	DECFSZ SYSREPEATTEMP1,F
	K	 10 1KKK KKKK KKKK	400
000197	2990	GOTO SYSREPEATLOOP1
		SYSREPEATLOOPEND1
000198	0008	RETURN


		HSERSEND343
		SYSWAITLOOP2
	F	 01 11BB BFFF FFFF	12
	B	 01 11BB B000 1100	4
000199	1E0C	BTFSS PIR1,TXIF
	K	 10 1KKK KKKK KKKK	409
00019A	2999	GOTO SYSWAITLOOP2
		SYSWAITLOOP3
	F	 01 01BB BFFF FFFF	3
	B	 01 01BB B000 0011	5
000000	1683	BANKSEL TXSTA
	F	 01 00BB BFFF FFFF	3
	B	 01 00BB B000 0011	6
000000	1683 1303	BANKSEL TXSTA
	F	 01 11BB BFFF FFFF	152
	B	 01 11BB B001 1000	1
00019D	1C98	BTFSS TXSTA,TRMT
	K	 10 1KKK KKKK KKKK	411
00019E	299B	GOTO SYSWAITLOOP3
	F	 01 00BB BFFF FFFF	3
	B	 01 00BB B000 0011	5
000000	1283	BANKSEL SERDATA
	F	 01 00BB BFFF FFFF	3
	B	 01 00BB B000 0011	6
000000	1283 1303	BANKSEL SERDATA
	F	 00 1000 DFFF FFFF	42
	D	 00 1000 D010 1010	0
0001A1	082A	MOVF SERDATA,W
	F	 00 0000 1FFF FFFF	25
0001A2	0099	MOVWF TXREG
0001A3	0008	RETURN


		HSERSEND344
		HSERSENDUSART1HANDLER
		SYSWAITLOOP6
	F	 01 11BB BFFF FFFF	12
	B	 01 11BB B000 1100	4
0001A4	1E0C	BTFSS PIR1,TXIF
	K	 10 1KKK KKKK KKKK	420
0001A5	29A4	GOTO SYSWAITLOOP6
		SYSWAITLOOP7
	F	 01 01BB BFFF FFFF	3
	B	 01 01BB B000 0011	5
000000	1683	BANKSEL TXSTA
	F	 01 00BB BFFF FFFF	3
	B	 01 00BB B000 0011	6
000000	1683 1303	BANKSEL TXSTA
	F	 01 11BB BFFF FFFF	152
	B	 01 11BB B001 1000	1
0001A8	1C98	BTFSS TXSTA,TRMT
	K	 10 1KKK KKKK KKKK	422
0001A9	29A6	GOTO SYSWAITLOOP7
	F	 01 00BB BFFF FFFF	3
	B	 01 00BB B000 0011	5
000000	1283	BANKSEL SERDATA
	F	 01 00BB BFFF FFFF	3
	B	 01 00BB B000 0011	6
000000	1283 1303	BANKSEL SERDATA
	F	 00 1000 DFFF FFFF	42
	D	 00 1000 D010 1010	0
0001AC	082A	MOVF SERDATA,W
	F	 00 0000 1FFF FFFF	25
0001AD	0099	MOVWF TXREG
0001AE	0008	RETURN


		INITSYS
	F	 01 00BB BFFF FFFF	31
	B	 01 00BB B001 1111	0
0001AF	101F	BCF ADCON0,ADON
	F	 01 01BB BFFF FFFF	3
	B	 01 01BB B000 0011	5
000000	1683	BANKSEL ADCON1
	F	 01 00BB BFFF FFFF	3
	B	 01 00BB B000 0011	6
000000	1683 1303	BANKSEL ADCON1
	F	 01 01BB BFFF FFFF	159
	B	 01 01BB B001 1111	2
0001B2	151F	BSF ADCON1,PCFG2
	F	 01 01BB BFFF FFFF	159
	B	 01 01BB B001 1111	1
0001B3	149F	BSF ADCON1,PCFG1
	F	 01 00BB BFFF FFFF	159
	B	 01 00BB B001 1111	0
0001B4	101F	BCF ADCON1,PCFG0
	F	 01 00BB BFFF FFFF	3
	B	 01 00BB B000 0011	5
000000	1283	BANKSEL PORTA
	F	 01 00BB BFFF FFFF	3
	B	 01 00BB B000 0011	6
000000	1283 1303	BANKSEL PORTA
	F	 00 0001 1FFF FFFF	5
0001B7	0185	CLRF PORTA
	F	 00 0001 1FFF FFFF	6
0001B8	0186	CLRF PORTB
	F	 00 0001 1FFF FFFF	7
0001B9	0187	CLRF PORTC
0001BA	0008	RETURN


		INITUSART
	K	 11 00XX KKKK KKKK	129
0001BB	3081	MOVLW 129
	F	 01 01BB BFFF FFFF	3
	B	 01 01BB B000 0011	5
000000	1683	BANKSEL SPBRG
	F	 01 00BB BFFF FFFF	3
	B	 01 00BB B000 0011	6
000000	1683 1303	BANKSEL SPBRG
	F	 00 0000 1FFF FFFF	153
0001BE	0099	MOVWF SPBRG
	F	 01 01BB BFFF FFFF	152
	B	 01 01BB B001 1000	2
0001BF	1518	BSF TXSTA,BRGH
	F	 01 00BB BFFF FFFF	152
	B	 01 00BB B001 1000	4
0001C0	1218	BCF TXSTA,SYNC
	F	 01 01BB BFFF FFFF	152
	B	 01 01BB B001 1000	5
0001C1	1698	BSF TXSTA,TXEN
	F	 01 00BB BFFF FFFF	3
	B	 01 00BB B000 0011	5
000000	1283	BANKSEL RCSTA
	F	 01 00BB BFFF FFFF	3
	B	 01 00BB B000 0011	6
000000	1283 1303	BANKSEL RCSTA
	F	 01 01BB BFFF FFFF	24
	B	 01 01BB B001 1000	7
0001C4	1798	BSF RCSTA,SPEN
	F	 01 01BB BFFF FFFF	24
	B	 01 01BB B001 1000	4
0001C5	1618	BSF RCSTA,CREN
	F	 01 01BB BFFF FFFF	24
	B	 01 01BB B001 1000	4
0001C6	1618	BSF RCSTA,CREN
0001C7	0008	RETURN


		SYSDIVSUB
	F	 00 1000 DFFF FFFF	121
	D	 00 1000 D111 1001	1
0001C8	08F9	MOVF SYSBYTETEMPB, F
	F	 01 10BB BFFF FFFF	3
	B	 01 10BB B000 0011	2
0001C9	1903	BTFSC STATUS, Z
0001CA	0008	RETURN
	F	 00 0001 1FFF FFFF	112
0001CB	01F0	CLRF SYSBYTETEMPX
	K	 11 00XX KKKK KKKK	8
0001CC	3008	MOVLW 8
	F	 00 0000 1FFF FFFF	116
0001CD	00F4	MOVWF SYSDIVLOOP
		SYSDIV8START
	F	 01 00BB BFFF FFFF	3
	B	 01 00BB B000 0011	0
0001CE	1003	BCF STATUS, C
	F	 00 1101 DFFF FFFF	117
	D	 00 1101 D111 0101	1
0001CF	0DF5	RLF SYSBYTETEMPA, F
	F	 00 1101 DFFF FFFF	112
	D	 00 1101 D111 0000	1
0001D0	0DF0	RLF SYSBYTETEMPX, F
	F	 00 1000 DFFF FFFF	121
	D	 00 1000 D111 1001	0
0001D1	0879	MOVF SYSBYTETEMPB, W
	F	 00 0010 DFFF FFFF	112
	D	 00 0010 D111 0000	1
0001D2	02F0	SUBWF SYSBYTETEMPX, F
	F	 01 01BB BFFF FFFF	117
	B	 01 01BB B111 0101	0
0001D3	1475	BSF SYSBYTETEMPA, 0
	F	 01 10BB BFFF FFFF	3
	B	 01 10BB B000 0011	0
0001D4	1803	BTFSC STATUS, C
	K	 10 1KKK KKKK KKKK	473
0001D5	29D9	GOTO DIV8NOTNEG
	F	 01 00BB BFFF FFFF	117
	B	 01 00BB B111 0101	0
0001D6	1075	BCF SYSBYTETEMPA, 0
	F	 00 1000 DFFF FFFF	121
	D	 00 1000 D111 1001	0
0001D7	0879	MOVF SYSBYTETEMPB, W
	F	 00 0111 DFFF FFFF	112
	D	 00 0111 D111 0000	1
0001D8	07F0	ADDWF SYSBYTETEMPX, F
		DIV8NOTNEG
	F	 00 1011 DFFF FFFF	116
	D	 00 1011 D111 0100	1
0001D9	0BF4	DECFSZ SYSDIVLOOP, F
	K	 10 1KKK KKKK KKKK	462
0001DA	29CE	GOTO SYSDIV8START
0001DB	0008	RETURN


		SYSREADSTRING
	F	 00 1000 DFFF FFFF	114
	D	 00 1000 D111 0010	0
0001DC	0872	MOVF SYSSTRINGB, W
	F	 00 0000 1FFF FFFF	4
0001DD	0084	MOVWF FSR
	F	 01 00BB BFFF FFFF	3
	B	 01 00BB B000 0011	7
0001DE	1383	BCF STATUS, IRP
	F	 01 10BB BFFF FFFF	115
	B	 01 10BB B111 0011	0
0001DF	1873	BTFSC SYSSTRINGB_H, 0
	F	 01 01BB BFFF FFFF	3
	B	 01 01BB B000 0011	7
0001E0	1783	BSF STATUS, IRP
	K	 10 0KKK KKKK KKKK	504
0001E1	21F8	CALL SYSSTRINGTABLES
	F	 00 0000 1FFF FFFF	117
0001E2	00F5	MOVWF SYSCALCTEMPA
	F	 00 0000 1FFF FFFF	0
0001E3	0080	MOVWF INDF
	F	 00 0111 DFFF FFFF	114
	D	 00 0111 D111 0010	1
0001E4	07F2	ADDWF SYSSTRINGB, F
	K	 10 1KKK KKKK KKKK	495
0001E5	29EF	GOTO SYSSTRINGREADCHECK
		SYSREADSTRINGPART
	F	 00 1000 DFFF FFFF	114
	D	 00 1000 D111 0010	0
0001E6	0872	MOVF SYSSTRINGB, W
	F	 00 0000 1FFF FFFF	4
0001E7	0084	MOVWF FSR
	F	 01 00BB BFFF FFFF	3
	B	 01 00BB B000 0011	7
0001E8	1383	BCF STATUS, IRP
	F	 01 10BB BFFF FFFF	115
	B	 01 10BB B111 0011	0
0001E9	1873	BTFSC SYSSTRINGB_H, 0
	F	 01 01BB BFFF FFFF	3
	B	 01 01BB B000 0011	7
0001EA	1783	BSF STATUS, IRP
	K	 10 0KKK KKKK KKKK	504
0001EB	21F8	CALL SYSSTRINGTABLES
	F	 00 0000 1FFF FFFF	117
0001EC	00F5	MOVWF SYSCALCTEMPA
	F	 00 0111 DFFF FFFF	118
	D	 00 0111 D111 0110	1
0001ED	07F6	ADDWF SYSSTRINGLENGTH,F
	F	 00 0111 DFFF FFFF	114
	D	 00 0111 D111 0010	1
0001EE	07F2	ADDWF SYSSTRINGB,F
		SYSSTRINGREADCHECK
	F	 00 1000 DFFF FFFF	117
	D	 00 1000 D111 0101	1
0001EF	08F5	MOVF SYSCALCTEMPA,F
	F	 01 10BB BFFF FFFF	3
	B	 01 10BB B000 0011	2
0001F0	1903	BTFSC STATUS,Z
0001F1	0008	RETURN
		SYSSTRINGREAD
	K	 10 0KKK KKKK KKKK	504
0001F2	21F8	CALL SYSSTRINGTABLES
	F	 00 1010 DFFF FFFF	4
	D	 00 1010 D000 0100	1
0001F3	0A84	INCF FSR, F
	F	 00 0000 1FFF FFFF	0
0001F4	0080	MOVWF INDF
	F	 00 1011 DFFF FFFF	117
	D	 00 1011 D111 0101	1
0001F5	0BF5	DECFSZ SYSCALCTEMPA, F
	K	 10 1KKK KKKK KKKK	498
0001F6	29F2	GOTO SYSSTRINGREAD
0001F7	0008	RETURN


		SYSSTRINGTABLES
	F	 00 1000 DFFF FFFF	120
	D	 00 1000 D111 1000	0
0001F8	0878	MOVF SYSSTRINGA_H,W
	F	 00 0000 1FFF FFFF	10
0001F9	008A	MOVWF PCLATH
	F	 00 1000 DFFF FFFF	119
	D	 00 1000 D111 0111	0
0001FA	0877	MOVF SYSSTRINGA,W
	F	 00 1010 DFFF FFFF	119
	D	 00 1010 D111 0111	1
0001FB	0AF7	INCF SYSSTRINGA,F
	F	 01 10BB BFFF FFFF	3
	B	 01 10BB B000 0011	2
0001FC	1903	BTFSC STATUS,Z
	F	 00 1010 DFFF FFFF	120
	D	 00 1010 D111 1000	1
0001FD	0AF8	INCF SYSSTRINGA_H,F
	F	 00 0000 1FFF FFFF	2
0001FE	0082	MOVWF PCL

		STRINGTABLE1
	K	 11 01XX KKKK KKKK	12
0001FF	340C	RETLW 12
	K	 11 01XX KKKK KKKK	72
000200	3448	RETLW 72
	K	 11 01XX KKKK KKKK	97
000201	3461	RETLW 97
	K	 11 01XX KKKK KKKK	114
000202	3472	RETLW 114
	K	 11 01XX KKKK KKKK	100
000203	3464	RETLW 100
	K	 11 01XX KKKK KKKK	119
000204	3477	RETLW 119
	K	 11 01XX KKKK KKKK	97
000205	3461	RETLW 97
	K	 11 01XX KKKK KKKK	114
000206	3472	RETLW 114
	K	 11 01XX KKKK KKKK	101
000207	3465	RETLW 101
	K	 11 01XX KKKK KKKK	32
000208	3420	RETLW 32
	K	 11 01XX KKKK KKKK	73
000209	3449	RETLW 73
	K	 11 01XX KKKK KKKK	50
00020A	3432	RETLW 50
	K	 11 01XX KKKK KKKK	67
00020B	3443	RETLW 67


		STRINGTABLE2
	K	 11 01XX KKKK KKKK	3
00020C	3403	RETLW 3
	K	 11 01XX KKKK KKKK	32
00020D	3420	RETLW 32
	K	 11 01XX KKKK KKKK	32
00020E	3420	RETLW 32
	K	 11 01XX KKKK KKKK	32
00020F	3420	RETLW 32


		STRINGTABLE3
	K	 11 01XX KKKK KKKK	1
000210	3401	RETLW 1
	K	 11 01XX KKKK KKKK	32
000211	3420	RETLW 32


		STRINGTABLE4
	K	 11 01XX KKKK KKKK	2
000212	3402	RETLW 2
	K	 11 01XX KKKK KKKK	45
000213	342D	RETLW 45
	K	 11 01XX KKKK KKKK	45
000214	342D	RETLW 45


		STRINGTABLE5
	K	 11 01XX KKKK KKKK	13
000215	340D	RETLW 13
	K	 11 01XX KKKK KKKK	69
000216	3445	RETLW 69
	K	 11 01XX KKKK KKKK	110
000217	346E	RETLW 110
	K	 11 01XX KKKK KKKK	100
000218	3464	RETLW 100
	K	 11 01XX KKKK KKKK	32
000219	3420	RETLW 32
	K	 11 01XX KKKK KKKK	111
00021A	346F	RETLW 111
	K	 11 01XX KKKK KKKK	102
00021B	3466	RETLW 102
	K	 11 01XX KKKK KKKK	32
00021C	3420	RETLW 32
	K	 11 01XX KKKK KKKK	83
00021D	3453	RETLW 83
	K	 11 01XX KKKK KKKK	101
00021E	3465	RETLW 101
	K	 11 01XX KKKK KKKK	97
00021F	3461	RETLW 97
	K	 11 01XX KKKK KKKK	114
000220	3472	RETLW 114
	K	 11 01XX KKKK KKKK	99
000221	3463	RETLW 99
	K	 11 01XX KKKK KKKK	104
000222	3468	RETLW 104



		FN__HEXPICAS
	K	 11 00XX KKKK KKKK	2
000223	3002	MOVLW 2
	F	 01 01BB BFFF FFFF	3
	B	 01 01BB B000 0011	5
000000	1683	BANKSEL SYS_HEXPICAS_0
	F	 01 01BB BFFF FFFF	3
	B	 01 01BB B000 0011	6
000000	1683 1703	BANKSEL SYS_HEXPICAS_0
	F	 00 0000 1FFF FFFF	478
000226	00DE	MOVWF SYS_HEXPICAS_0
	K	 11 00XX KKKK KKKK	15
000227	300F	MOVLW 15
	F	 01 00BB BFFF FFFF	3
	B	 01 00BB B000 0011	5
000000	1283	BANKSEL SYSVALTEMP
	F	 01 00BB BFFF FFFF	3
	B	 01 00BB B000 0011	6
000000	1283 1303	BANKSEL SYSVALTEMP
	F	 00 0101 DFFF FFFF	50
	D	 00 0101 D011 0010	0
00022A	0532	ANDWF SYSVALTEMP,W
	F	 00 0000 1FFF FFFF	48
00022B	00B0	MOVWF SYSSTRINGTEMP
	K	 11 110X KKKK KKKK	9
00022C	3C09	SUBLW 9
	F	 01 10BB BFFF FFFF	3
	B	 01 10BB B000 0011	0
00022D	1803	BTFSC STATUS, C
	K	 10 1KKK KKKK KKKK	561
00022E	2A31	GOTO ENDIF6
	K	 11 00XX KKKK KKKK	7
00022F	3007	MOVLW 7
	F	 00 0111 DFFF FFFF	48
	D	 00 0111 D011 0000	1
000230	07B0	ADDWF SYSSTRINGTEMP,F
		ENDIF6
	K	 11 00XX KKKK KKKK	48
000231	3030	MOVLW 48
	F	 00 0111 DFFF FFFF	48
	D	 00 0111 D011 0000	0
000232	0730	ADDWF SYSSTRINGTEMP,W
	F	 01 01BB BFFF FFFF	3
	B	 01 01BB B000 0011	5
000000	1683	BANKSEL SYS_HEXPICAS_2
	F	 01 01BB BFFF FFFF	3
	B	 01 01BB B000 0011	6
000000	1683 1703	BANKSEL SYS_HEXPICAS_2
	F	 00 0000 1FFF FFFF	480
000235	00E0	MOVWF SYS_HEXPICAS_2
	F	 01 00BB BFFF FFFF	3
	B	 01 00BB B000 0011	5
000000	1283	BANKSEL SYSSTRINGTEMP
	F	 01 00BB BFFF FFFF	3
	B	 01 00BB B000 0011	6
000000	1283 1303	BANKSEL SYSSTRINGTEMP
	F	 00 0001 1FFF FFFF	48
000238	01B0	CLRF SYSSTRINGTEMP
		SYSFORLOOP3
	F	 00 1010 DFFF FFFF	48
	D	 00 1010 D011 0000	1
000239	0AB0	INCF SYSSTRINGTEMP,F
	F	 00 1100 DFFF FFFF	50
	D	 00 1100 D011 0010	1
00023A	0CB2	RRF SYSVALTEMP,F
	K	 11 00XX KKKK KKKK	4
00023B	3004	MOVLW 4
	F	 00 0010 DFFF FFFF	48
	D	 00 0010 D011 0000	0
00023C	0230	SUBWF SYSSTRINGTEMP,W
	F	 01 11BB BFFF FFFF	3
	B	 01 11BB B000 0011	0
00023D	1C03	BTFSS STATUS, C
	K	 10 1KKK KKKK KKKK	569
00023E	2A39	GOTO SYSFORLOOP3
		SYSFORLOOPEND3
	K	 11 00XX KKKK KKKK	15
00023F	300F	MOVLW 15
	F	 00 0101 DFFF FFFF	50
	D	 00 0101 D011 0010	0
000240	0532	ANDWF SYSVALTEMP,W
	F	 00 0000 1FFF FFFF	48
000241	00B0	MOVWF SYSSTRINGTEMP
	K	 11 110X KKKK KKKK	9
000242	3C09	SUBLW 9
	F	 01 10BB BFFF FFFF	3
	B	 01 10BB B000 0011	0
000243	1803	BTFSC STATUS, C
	K	 10 1KKK KKKK KKKK	583
000244	2A47	GOTO ENDIF8
	K	 11 00XX KKKK KKKK	7
000245	3007	MOVLW 7
	F	 00 0111 DFFF FFFF	48
	D	 00 0111 D011 0000	1
000246	07B0	ADDWF SYSSTRINGTEMP,F
		ENDIF8
	K	 11 00XX KKKK KKKK	48
000247	3030	MOVLW 48
	F	 00 0111 DFFF FFFF	48
	D	 00 0111 D011 0000	0
000248	0730	ADDWF SYSSTRINGTEMP,W
	F	 01 01BB BFFF FFFF	3
	B	 01 01BB B000 0011	5
000000	1683	BANKSEL SYS_HEXPICAS_1
	F	 01 01BB BFFF FFFF	3
	B	 01 01BB B000 0011	6
000000	1683 1703	BANKSEL SYS_HEXPICAS_1
	F	 00 0000 1FFF FFFF	479
00024B	00DF	MOVWF SYS_HEXPICAS_1
	F	 01 00BB BFFF FFFF	3
	B	 01 00BB B000 0011	5
000000	1283	BANKSEL STATUS
	F	 01 00BB BFFF FFFF	3
	B	 01 00BB B000 0011	6
000000	1283 1303	BANKSEL STATUS
00024E	0008	RETURN





